model-1702778600,1702778602.022,0.53,0.2495,0.48,0.2528
model-1702778600,1702778602.361,0.47,0.2534,0.46,0.2509
model-1702778600,1702778602.687,0.4,0.2516,0.48,0.2506
model-1702778600,1702778603.014,0.5,0.2496,0.48,0.2506
model-1702778600,1702778603.337,0.48,0.2504,0.48,0.2504
model-1702778600,1702778603.66,0.47,0.2504,0.49,0.2501
model-1702778600,1702778603.985,0.39,0.2516,0.57,0.2498
model-1702778600,1702778604.313,0.48,0.2499,0.57,0.2497
model-1702778600,1702778604.644,0.55,0.2497,0.48,0.2497
model-1702778600,1702778604.969,0.56,0.2496,0.5,0.2497
model-1702778600,1702778605.301,0.61,0.2484,0.49,0.2501
model-1702778600,1702778605.638,0.55,0.2477,0.48,0.2512
model-1702778600,1702778605.969,0.49,0.2494,0.48,0.2522
model-1702778600,1702778606.303,0.49,0.2525,0.49,0.2521
model-1702778600,1702778606.647,0.56,0.2465,0.47,0.2523
model-1702778600,1702778606.977,0.45,0.253,0.5,0.2517
model-1702778600,1702778607.312,0.59,0.2478,0.48,0.2522
model-1702778600,1702778607.645,0.53,0.248,0.46,0.2538
model-1702778600,1702778607.983,0.54,0.2469,0.46,0.2548
model-1702778600,1702778608.32,0.39,0.2581,0.5,0.2518
model-1702778600,1702778608.651,0.51,0.2485,0.48,0.2512
model-1702778600,1702778608.985,0.58,0.2485,0.49,0.252
model-1702778600,1702778609.32,0.48,0.2511,0.48,0.2518
model-1702778600,1702778609.657,0.5,0.2486,0.48,0.2511
model-1702778600,1702778609.993,0.46,0.2529,0.49,0.2502
model-1702778600,1702778610.332,0.54,0.2457,0.48,0.2495
model-1702778600,1702778610.677,0.54,0.2449,0.5,0.2488
model-1702778600,1702778611.022,0.64,0.2421,0.5,0.2486
model-1702778600,1702778611.386,0.48,0.2507,0.56,0.2475
model-1702778600,1702778611.731,0.62,0.2418,0.57,0.247
model-1702778600,1702778612.115,0.51,0.2501,0.56,0.2458
model-1702778600,1702778612.46,0.63,0.2381,0.58,0.2457
model-1702778600,1702778612.805,0.56,0.2488,0.51,0.2481
model-1702778600,1702778613.151,0.58,0.2431,0.48,0.256
model-1702778600,1702778613.497,0.53,0.2488,0.48,0.255
model-1702778600,1702778613.841,0.46,0.2599,0.52,0.2477
model-1702778600,1702778614.193,0.6,0.2459,0.54,0.2445
model-1702778600,1702778614.537,0.6,0.2419,0.57,0.2459
model-1702778600,1702778614.881,0.51,0.2477,0.57,0.2454
model-1702778600,1702778615.236,0.51,0.2493,0.63,0.2427
model-1702778600,1702778615.596,0.62,0.2395,0.62,0.2407
model-1702778600,1702778615.947,0.62,0.2361,0.6,0.2387
model-1702778600,1702778616.297,0.54,0.2444,0.61,0.2373
model-1702778600,1702778616.665,0.57,0.2471,0.6,0.2363
model-1702778600,1702778617.011,0.68,0.2339,0.61,0.2376
model-1702778600,1702778617.366,0.7,0.2307,0.58,0.2398
model-1702778600,1702778617.721,0.52,0.257,0.6,0.2389
model-1702778600,1702778618.082,0.57,0.2432,0.55,0.2398
model-1702778600,1702778618.435,0.55,0.2484,0.57,0.2416
model-1702778600,1702778618.791,0.65,0.238,0.59,0.2457
model-1702778600,1702778619.148,0.54,0.2497,0.62,0.2413
model-1702778600,1702778619.505,0.57,0.2403,0.56,0.234
model-1702778600,1702778619.862,0.6,0.2313,0.62,0.2291
model-1702778600,1702778620.304,0.65,0.2341,0.64,0.2276
model-1702778600,1702778620.724,0.56,0.2391,0.67,0.2282
model-1702778600,1702778621.127,0.59,0.2389,0.62,0.2302
model-1702778600,1702778621.526,0.59,0.2433,0.63,0.2324
model-1702778600,1702778621.902,0.57,0.2283,0.62,0.2304
model-1702778600,1702778622.318,0.71,0.2207,0.58,0.2306
model-1702778600,1702778622.678,0.66,0.2234,0.57,0.2314
model-1702778600,1702778623.047,0.66,0.2275,0.57,0.2318
model-1702778600,1702778623.404,0.65,0.2217,0.56,0.2347
model-1702778600,1702778623.765,0.56,0.2291,0.56,0.2318
model-1702778600,1702778624.13,0.71,0.2188,0.6,0.2343
model-1702778600,1702778624.486,0.53,0.2543,0.57,0.2297
model-1702778600,1702778624.851,0.73,0.1939,0.59,0.2254
model-1702778600,1702778625.222,0.54,0.2588,0.59,0.2214
model-1702778600,1702778625.592,0.62,0.2245,0.64,0.2165
model-1702778600,1702778625.953,0.63,0.2382,0.62,0.2174
model-1702778600,1702778626.337,0.62,0.2229,0.62,0.2198
model-1702778600,1702778626.728,0.62,0.2186,0.63,0.2132
model-1702778600,1702778627.091,0.6,0.2156,0.63,0.2156
model-1702778600,1702778627.457,0.62,0.2236,0.61,0.2189
model-1702778600,1702778627.838,0.68,0.2086,0.6,0.2203
model-1702778600,1702778628.22,0.56,0.254,0.61,0.2246
model-1702778600,1702778628.585,0.65,0.2312,0.62,0.241
model-1702778600,1702778628.952,0.6,0.2566,0.64,0.2344
model-1702778600,1702778629.325,0.63,0.2447,0.62,0.2194
model-1702778600,1702778629.694,0.63,0.2164,0.65,0.2171
model-1702778600,1702778630.081,0.58,0.2404,0.58,0.2276
model-1702778600,1702778630.455,0.59,0.2243,0.59,0.2291
model-1702778600,1702778630.836,0.63,0.2324,0.61,0.2263
model-1702778600,1702778631.207,0.65,0.2239,0.63,0.2241
model-1702778600,1702778631.604,0.66,0.2198,0.63,0.2224
model-1702778600,1702778631.979,0.59,0.2376,0.59,0.2221
model-1702778600,1702778632.393,0.6,0.2407,0.59,0.2229
model-1702778600,1702778632.782,0.67,0.2209,0.59,0.2232
model-1702778600,1702778633.157,0.69,0.2159,0.6,0.2237
model-1702778600,1702778633.538,0.63,0.2291,0.62,0.2233
model-1702778600,1702778633.913,0.67,0.2167,0.61,0.2214
model-1702778600,1702778634.317,0.63,0.2292,0.64,0.2199
model-1702778600,1702778634.701,0.63,0.2196,0.66,0.2216
model-1702778600,1702778635.077,0.6,0.2217,0.63,0.2222
model-1702778600,1702778635.455,0.56,0.2527,0.62,0.2208
model-1702778600,1702778635.841,0.62,0.2201,0.61,0.222
model-1702778600,1702778636.233,0.55,0.2477,0.58,0.2233
model-1702778600,1702778636.636,0.64,0.2213,0.64,0.2236
model-1702778600,1702778637.008,0.6,0.2423,0.65,0.2207
model-1702778600,1702778637.389,0.62,0.2223,0.62,0.2151
model-1702778600,1702778637.767,0.61,0.226,0.6,0.2117
model-1702778600,1702778638.148,0.62,0.2367,0.62,0.2121
model-1702778600,1702778638.536,0.71,0.2122,0.62,0.2131
model-1702778600,1702778638.914,0.57,0.2435,0.63,0.2131
model-1702778600,1702778639.296,0.58,0.231,0.62,0.2147
model-1702778600,1702778639.675,0.6,0.2421,0.65,0.2179
model-1702778600,1702778640.063,0.69,0.2135,0.66,0.2185
model-1702778600,1702778640.447,0.69,0.1957,0.64,0.2197
model-1702778600,1702778640.839,0.6,0.2401,0.64,0.2191
model-1702778600,1702778641.224,0.66,0.2124,0.67,0.217
model-1702778600,1702778641.637,0.61,0.2332,0.63,0.2146
model-1702778600,1702778642.026,0.61,0.2249,0.63,0.2164
model-1702778600,1702778642.408,0.64,0.226,0.62,0.217
model-1702778600,1702778642.863,0.64,0.2283,0.62,0.2158
model-1702778600,1702778643.252,0.62,0.2171,0.65,0.2134
model-1702778600,1702778643.641,0.6,0.2358,0.66,0.2128
model-1702778600,1702778644.021,0.72,0.1904,0.67,0.2122
model-1702778600,1702778644.419,0.66,0.2002,0.62,0.2135
model-1702778600,1702778644.807,0.72,0.2113,0.61,0.2179
model-1702778600,1702778645.192,0.57,0.232,0.6,0.2212
model-1702778600,1702778645.582,0.66,0.2227,0.61,0.2254
model-1702778600,1702778645.98,0.67,0.2048,0.59,0.2291
model-1702778600,1702778646.379,0.72,0.2043,0.59,0.234
model-1702778600,1702778646.776,0.69,0.2067,0.6,0.2356
model-1702778600,1702778647.162,0.63,0.2298,0.61,0.2309
model-1702778600,1702778647.544,0.61,0.233,0.6,0.2217
model-1702778600,1702778647.932,0.66,0.1969,0.65,0.2221
model-1702778600,1702778648.32,0.67,0.2073,0.66,0.2243
model-1702778600,1702778648.713,0.71,0.1979,0.65,0.2146
model-1702778600,1702778649.106,0.61,0.2309,0.65,0.2029
model-1702778600,1702778649.492,0.61,0.219,0.63,0.2114
model-1702778600,1702778649.878,0.6,0.2255,0.63,0.2196
model-1702778600,1702778650.262,0.52,0.2767,0.64,0.2098
model-1702778600,1702778650.659,0.63,0.2169,0.67,0.2053
model-1702778600,1702778651.055,0.7,0.2258,0.65,0.2084
model-1702778600,1702778651.474,0.68,0.1927,0.66,0.2247
model-1702778600,1702778651.864,0.73,0.1873,0.62,0.2379
model-1702778600,1702778652.247,0.51,0.2559,0.64,0.2263
model-1702778600,1702778652.653,0.63,0.2374,0.62,0.2141
model-1702778600,1702778653.088,0.75,0.2071,0.65,0.2183
model-1702778600,1702778653.476,0.67,0.2183,0.64,0.2324
model-1702778600,1702778653.859,0.58,0.2416,0.62,0.2409
model-1702778600,1702778654.234,0.5,0.2733,0.63,0.2371
model-1702778600,1702778654.598,0.5,0.2704,0.65,0.2292
model-1702778600,1702778654.966,0.63,0.2256,0.64,0.2241
model-1702778600,1702778655.331,0.59,0.2286,0.67,0.2214
model-1702778600,1702778655.687,0.62,0.2329,0.62,0.2206
model-1702778600,1702778656.151,0.63,0.2273,0.65,0.2204
model-1702778600,1702778656.526,0.67,0.2263,0.7,0.2206
model-1702778600,1702778656.88,0.69,0.2144,0.7,0.2207
model-1702778600,1702778657.237,0.66,0.2279,0.7,0.2203
model-1702778600,1702778657.59,0.64,0.2374,0.7,0.2195
model-1702778600,1702778657.944,0.72,0.2171,0.7,0.219
model-1702778600,1702778658.307,0.58,0.2417,0.67,0.2164
model-1702778600,1702778658.659,0.58,0.2421,0.68,0.2136
model-1702778600,1702778659.024,0.68,0.2224,0.68,0.2121
model-1702778600,1702778659.381,0.6,0.2365,0.71,0.2116
model-1702778600,1702778659.733,0.6,0.2251,0.72,0.2113
model-1702778600,1702778660.092,0.63,0.232,0.7,0.2101
model-1702778600,1702778660.452,0.7,0.213,0.68,0.2088
model-1702778600,1702778660.809,0.66,0.2062,0.66,0.2079
model-1702778600,1702778661.167,0.71,0.2029,0.67,0.2072
model-1702778600,1702778661.552,0.68,0.2137,0.65,0.207
model-1702778600,1702778661.902,0.71,0.2029,0.66,0.2122
model-1702778600,1702778662.262,0.6,0.2324,0.66,0.2187
model-1702778600,1702778662.619,0.65,0.2179,0.64,0.2261
model-1702778600,1702778663.024,0.5,0.2734,0.64,0.2231
model-1702778600,1702778663.381,0.67,0.2196,0.66,0.2173
model-1702778600,1702778663.735,0.63,0.2211,0.68,0.2104
model-1702778600,1702778664.093,0.64,0.2345,0.68,0.2115
model-1702778600,1702778664.454,0.61,0.2351,0.66,0.2136
model-1702778600,1702778664.815,0.65,0.2182,0.66,0.2154
model-1702778600,1702778665.172,0.59,0.2283,0.65,0.2136
model-1702778600,1702778665.54,0.64,0.2235,0.65,0.2094
model-1702778600,1702778665.897,0.61,0.233,0.62,0.2073
model-1702778600,1702778666.256,0.74,0.1941,0.65,0.2081
model-1702778600,1702778666.636,0.74,0.198,0.7,0.2112
model-1702778600,1702778666.996,0.66,0.2244,0.7,0.2117
model-1702778600,1702778667.353,0.7,0.2061,0.69,0.2095
model-1702778600,1702778667.713,0.66,0.2111,0.67,0.2065
model-1702778600,1702778668.072,0.68,0.2119,0.66,0.204
model-1702778600,1702778668.43,0.71,0.2004,0.66,0.2027
model-1702778600,1702778668.784,0.63,0.2354,0.66,0.2029
model-1702778600,1702778669.15,0.59,0.2375,0.67,0.2009
model-1702778600,1702778669.51,0.7,0.2017,0.72,0.1998
model-1702778600,1702778669.866,0.7,0.2154,0.69,0.2001
model-1702778600,1702778670.228,0.73,0.1927,0.69,0.2049
model-1702778600,1702778670.588,0.58,0.2433,0.69,0.2002
model-1702778600,1702778670.947,0.73,0.1953,0.7,0.196
model-1702778600,1702778671.31,0.68,0.2064,0.67,0.2032
model-1702778600,1702778671.693,0.67,0.2216,0.68,0.2075
model-1702778600,1702778672.05,0.64,0.2272,0.65,0.2116
model-1702778600,1702778672.419,0.59,0.2625,0.65,0.2095
model-1702778600,1702778672.78,0.65,0.222,0.68,0.2097
model-1702778600,1702778673.197,0.69,0.2015,0.67,0.2133
model-1702778600,1702778673.557,0.74,0.1791,0.66,0.2168
model-1702778600,1702778673.915,0.68,0.2155,0.68,0.216
model-1702778600,1702778674.284,0.65,0.2218,0.61,0.2111
model-1702778600,1702778674.644,0.63,0.22,0.61,0.2107
model-1702778600,1702778675.005,0.62,0.2268,0.61,0.2112
model-1702778600,1702778675.364,0.63,0.2142,0.61,0.2091
model-1702778600,1702778675.729,0.67,0.2045,0.64,0.209
model-1702778600,1702778676.091,0.72,0.2091,0.64,0.2098
model-1702778600,1702778676.488,0.7,0.2012,0.64,0.2097
model-1702778600,1702778676.847,0.63,0.2218,0.67,0.2093
model-1702778600,1702778677.217,0.66,0.1974,0.66,0.2096
model-1702778600,1702778677.583,0.66,0.2195,0.65,0.2096
model-1702778600,1702778677.954,0.66,0.1887,0.63,0.214
model-1702778600,1702778678.318,0.75,0.1931,0.61,0.2181
model-1702778600,1702778678.686,0.7,0.2021,0.61,0.22
model-1702778600,1702778679.05,0.72,0.2028,0.63,0.2177
model-1702778600,1702778679.419,0.64,0.2386,0.69,0.2073
model-1702778600,1702778679.784,0.68,0.194,0.69,0.2099
model-1702778600,1702778680.167,0.77,0.1869,0.68,0.2054
model-1702778600,1702778680.534,0.74,0.1832,0.7,0.2016
model-1702778600,1702778680.897,0.7,0.207,0.7,0.1939
model-1702778600,1702778681.272,0.64,0.2167,0.73,0.195
model-1702778600,1702778681.664,0.68,0.1973,0.69,0.2107
model-1702778600,1702778682.027,0.68,0.2233,0.71,0.2149
model-1702778600,1702778682.395,0.75,0.1953,0.67,0.219
model-1702778600,1702778682.766,0.65,0.2591,0.59,0.2581
model-1702778600,1702778683.15,0.59,0.2456,0.63,0.2361
model-1702778600,1702778683.548,0.62,0.2363,0.67,0.2095
model-1702778600,1702778683.914,0.7,0.1942,0.68,0.215
model-1702778600,1702778684.276,0.66,0.2241,0.65,0.223
model-1702778600,1702778684.545,0.71,0.2041,0.63,0.2191
model-1702778600,1702778684.91,0.59,0.2425,0.65,0.206
model-1702778600,1702778685.287,0.72,0.1916,0.7,0.2038
model-1702778600,1702778685.689,0.76,0.179,0.69,0.2212
model-1702778600,1702778686.108,0.66,0.2062,0.68,0.2265
model-1702778600,1702778686.547,0.61,0.2347,0.67,0.2192
model-1702778600,1702778686.967,0.63,0.2116,0.65,0.21
model-1702778600,1702778687.368,0.74,0.1861,0.64,0.2079
model-1702778600,1702778687.783,0.66,0.2,0.6,0.2102
model-1702778600,1702778688.185,0.71,0.2119,0.63,0.2113
model-1702778600,1702778688.598,0.66,0.1957,0.64,0.2104
model-1702778600,1702778688.99,0.7,0.2063,0.67,0.2127
model-1702778600,1702778689.404,0.69,0.2014,0.65,0.2204
model-1702778600,1702778689.828,0.74,0.2055,0.62,0.2277
model-1702778600,1702778690.242,0.65,0.2288,0.62,0.2282
model-1702778600,1702778690.649,0.7,0.1923,0.63,0.2261
model-1702778600,1702778691.061,0.62,0.2331,0.67,0.2168
model-1702778600,1702778691.483,0.68,0.2184,0.69,0.208
model-1702778600,1702778691.893,0.77,0.1975,0.68,0.204
model-1702778600,1702778692.29,0.68,0.2003,0.67,0.2039
model-1702778600,1702778692.71,0.68,0.2262,0.68,0.2038
model-1702778600,1702778693.1,0.73,0.1957,0.69,0.2027
model-1702778600,1702778693.571,0.71,0.1957,0.67,0.2012
model-1702778600,1702778693.968,0.69,0.1985,0.69,0.2009
model-1702778600,1702778694.379,0.73,0.1864,0.68,0.2007
model-1702778600,1702778694.771,0.76,0.1949,0.7,0.2008
model-1702778600,1702778695.184,0.74,0.1857,0.69,0.2002
model-1702778600,1702778695.601,0.74,0.1813,0.67,0.2005
model-1702778600,1702778696.016,0.78,0.1589,0.65,0.2023
model-1702778600,1702778696.438,0.69,0.1938,0.66,0.1993
model-1702778600,1702778696.86,0.77,0.1646,0.67,0.199
model-1702778600,1702778697.259,0.72,0.1808,0.66,0.2
model-1702778600,1702778697.668,0.67,0.2078,0.66,0.2067
model-1702778600,1702778698.071,0.73,0.1735,0.63,0.2161
model-1702778600,1702778698.483,0.73,0.1925,0.63,0.227
model-1702778600,1702778698.879,0.71,0.2034,0.63,0.2224
model-1702778600,1702778699.29,0.75,0.1815,0.67,0.2113
model-1702778600,1702778699.686,0.72,0.1953,0.68,0.2026
model-1702778600,1702778700.101,0.71,0.1906,0.69,0.2002
model-1702778600,1702778700.507,0.71,0.1896,0.69,0.1994
model-1702778600,1702778700.916,0.7,0.1981,0.68,0.1975
model-1702778600,1702778701.318,0.67,0.1982,0.69,0.1936
model-1702778600,1702778701.761,0.71,0.1777,0.7,0.1919
model-1702778600,1702778702.162,0.72,0.1961,0.7,0.1912
model-1702778600,1702778702.58,0.73,0.1863,0.71,0.1919
model-1702778600,1702778702.985,0.73,0.1842,0.7,0.1973
model-1702778600,1702778703.402,0.74,0.1978,0.68,0.2025
model-1702778600,1702778703.866,0.65,0.2222,0.69,0.198
model-1702778600,1702778704.284,0.71,0.2159,0.74,0.1934
model-1702778600,1702778704.696,0.65,0.2261,0.71,0.1913
model-1702778600,1702778705.11,0.7,0.2037,0.7,0.1922
model-1702778600,1702778705.522,0.63,0.216,0.7,0.1889
model-1702778600,1702778705.942,0.67,0.2118,0.75,0.1857
model-1702778600,1702778706.356,0.66,0.2059,0.71,0.1909
model-1702778600,1702778706.798,0.77,0.1765,0.69,0.1957
model-1702778600,1702778707.198,0.72,0.2002,0.67,0.2003
model-1702778600,1702778707.621,0.74,0.1694,0.66,0.1995
model-1702778600,1702778708.03,0.66,0.2099,0.68,0.1953
model-1702778600,1702778708.461,0.71,0.1817,0.71,0.1856
model-1702778600,1702778708.866,0.84,0.1514,0.72,0.1815
model-1702778600,1702778709.286,0.75,0.175,0.69,0.1787
model-1702778600,1702778709.688,0.72,0.1988,0.72,0.1772
model-1702778600,1702778710.197,0.71,0.1886,0.72,0.1772
model-1702778600,1702778710.604,0.71,0.1827,0.73,0.1782
model-1702778600,1702778711.022,0.68,0.1978,0.68,0.1862
model-1702778600,1702778711.457,0.69,0.1996,0.7,0.1918
model-1702778600,1702778711.871,0.74,0.1726,0.67,0.2041
model-1702778600,1702778712.273,0.65,0.2194,0.67,0.2071
model-1702778600,1702778712.692,0.72,0.1748,0.68,0.1992
model-1702778600,1702778713.103,0.71,0.1882,0.69,0.1894
model-1702778600,1702778713.521,0.72,0.1996,0.69,0.1838
model-1702778600,1702778713.978,0.71,0.1957,0.7,0.1803
model-1702778600,1702778714.401,0.75,0.1854,0.7,0.1792
model-1702778600,1702778714.803,0.74,0.1641,0.67,0.1873
model-1702778600,1702778715.221,0.76,0.177,0.67,0.198
model-1702778600,1702778715.636,0.64,0.2375,0.69,0.1842
model-1702778600,1702778716.052,0.72,0.1995,0.75,0.1767
model-1702778600,1702778716.482,0.68,0.2158,0.72,0.1834
model-1702778600,1702778716.903,0.69,0.2186,0.7,0.1785
model-1702778600,1702778717.31,0.64,0.198,0.72,0.1724
model-1702778600,1702778717.726,0.68,0.2143,0.68,0.1915
model-1702778600,1702778718.159,0.73,0.179,0.66,0.2009
model-1702778600,1702778718.574,0.74,0.1673,0.66,0.197
model-1702778600,1702778718.977,0.73,0.1751,0.67,0.1928
model-1702778600,1702778719.409,0.74,0.1826,0.7,0.1888
model-1702778600,1702778720.491,0.76,0.1822,0.73,0.185
model-1702778600,1702778720.933,0.7,0.2015,0.74,0.1821
model-1702778600,1702778721.379,0.76,0.1705,0.73,0.1802
model-1702778600,1702778722.082,0.75,0.1793,0.72,0.1797
model-1702778600,1702778722.709,0.63,0.2084,0.75,0.1786
model-1702778600,1702778723.213,0.74,0.1847,0.75,0.1791
model-1702778600,1702778723.678,0.7,0.1863,0.75,0.183
model-1702778600,1702778724.27,0.65,0.2011,0.72,0.1882
model-1702778600,1702778724.639,0.68,0.1974,0.73,0.1877
model-1702778600,1702778725.008,0.75,0.1743,0.73,0.1822
model-1702778600,1702778725.359,0.75,0.1547,0.76,0.1748
model-1702778600,1702778725.797,0.71,0.1942,0.78,0.1726
model-1702778600,1702778726.153,0.74,0.1775,0.76,0.1715
model-1702778600,1702778726.537,0.71,0.186,0.77,0.1729
model-1702778600,1702778726.888,0.68,0.1944,0.71,0.1796
model-1702778600,1702778727.254,0.72,0.1778,0.68,0.1931
model-1702778600,1702778727.603,0.68,0.2201,0.68,0.1865
model-1702778600,1702778727.963,0.71,0.1798,0.7,0.1803
model-1702778600,1702778728.314,0.69,0.2108,0.79,0.1671
model-1702778600,1702778728.677,0.68,0.1879,0.77,0.1655
model-1702778600,1702778729.025,0.67,0.2051,0.78,0.1663
model-1702778600,1702778729.387,0.73,0.1717,0.78,0.1644
model-1702778600,1702778729.735,0.71,0.1649,0.76,0.1644
model-1702778600,1702778730.144,0.71,0.1871,0.75,0.165
model-1702778600,1702778730.495,0.81,0.158,0.76,0.1679
model-1702778600,1702778730.875,0.73,0.1924,0.71,0.1712
model-1702778600,1702778731.225,0.73,0.1783,0.7,0.1748
model-1702778600,1702778731.615,0.75,0.1783,0.71,0.1675
model-1702778600,1702778731.964,0.69,0.208,0.78,0.1617
model-1702778600,1702778732.328,0.77,0.17,0.8,0.1622
model-1702778600,1702778732.677,0.69,0.1913,0.76,0.1651
model-1702778600,1702778733.039,0.69,0.1923,0.71,0.187
model-1702778600,1702778733.387,0.84,0.1353,0.7,0.2087
model-1702778600,1702778733.745,0.66,0.2125,0.68,0.2002
model-1702778600,1702778734.112,0.65,0.1976,0.74,0.1802
model-1702778600,1702778734.509,0.71,0.1872,0.77,0.1726
model-1702778600,1702778734.857,0.79,0.1671,0.77,0.1741
model-1702778600,1702778735.302,0.83,0.1473,0.79,0.1753
model-1702778600,1702778735.662,0.74,0.1805,0.76,0.1769
model-1702778600,1702778736.022,0.67,0.2027,0.68,0.187
model-1702778600,1702778736.372,0.71,0.1881,0.68,0.1935
model-1702778600,1702778736.765,0.79,0.1546,0.68,0.1991
model-1702778600,1702778737.113,0.76,0.1772,0.68,0.1931
model-1702778600,1702778737.475,0.76,0.1783,0.7,0.1828
model-1702778600,1702778737.821,0.73,0.1878,0.76,0.1731
model-1702778600,1702778738.18,0.71,0.1862,0.73,0.1743
model-1702778600,1702778738.527,0.75,0.1839,0.75,0.1726
model-1702778600,1702778738.887,0.68,0.202,0.74,0.1716
model-1702778600,1702778739.236,0.73,0.1774,0.71,0.1829
model-1702778600,1702778739.595,0.74,0.1816,0.67,0.1962
model-1702778600,1702778740.065,0.79,0.1504,0.67,0.2013
model-1702778600,1702778922.895,0.78,0.1618,0.69,0.1906
model-1702778600,1702778923.318,0.65,0.2167,0.72,0.1723
model-1702778600,1702778924.392,0.74,0.1749,0.75,0.1669
model-1702778600,1702778924.998,0.74,0.1786,0.74,0.1736
model-1702778600,1702778925.838,0.74,0.1789,0.73,0.1802
model-1702778600,1702778926.189,0.64,0.2138,0.75,0.1773
model-1702778600,1702778926.539,0.66,0.2056,0.76,0.1678
model-1702778600,1702778926.87,0.69,0.2021,0.75,0.1727
model-1702778600,1702778927.187,0.67,0.184,0.7,0.1873
model-1702778600,1702778927.509,0.76,0.1839,0.7,0.1939
model-1702778600,1702778927.795,0.65,0.2029,0.7,0.1864
model-1702778600,1702778928.07,0.68,0.1924,0.77,0.1721
model-1702778600,1702778928.357,0.65,0.2062,0.8,0.1684
model-1702778600,1702778928.631,0.74,0.1578,0.78,0.1722
model-1702778600,1702778928.916,0.68,0.1847,0.77,0.1746
model-1702778600,1702778929.188,0.62,0.218,0.77,0.1709
model-1702778600,1702778929.484,0.7,0.1972,0.8,0.1668
model-1702778600,1702778929.762,0.72,0.1846,0.79,0.1703
model-1702778600,1702778930.043,0.67,0.2099,0.74,0.1738
model-1702778600,1702778930.312,0.75,0.1804,0.74,0.1756
model-1702778600,1702778930.597,0.73,0.1801,0.75,0.1715
model-1702778600,1702778930.873,0.7,0.1715,0.78,0.1666
model-1702778600,1702778931.161,0.74,0.187,0.78,0.1667
model-1702778600,1702778931.443,0.76,0.1709,0.8,0.1648
model-1702778600,1702778931.728,0.77,0.1591,0.78,0.1647
model-1702778600,1702778932.007,0.8,0.1512,0.79,0.1664
model-1702778600,1702778932.295,0.75,0.1731,0.76,0.1699
model-1702778600,1702778932.613,0.76,0.1684,0.75,0.1689
model-1702778600,1702778932.958,0.73,0.1879,0.72,0.1762
model-1702778600,1702778933.239,0.82,0.1669,0.68,0.1915
model-1702778600,1702778933.525,0.67,0.2144,0.66,0.1964
model-1702778600,1702778933.805,0.72,0.1944,0.68,0.1883
model-1702778600,1702778934.096,0.75,0.1673,0.73,0.1742
model-1702778600,1702778934.402,0.73,0.1881,0.73,0.1709
model-1702778600,1702778934.707,0.72,0.1853,0.74,0.1746
model-1702778600,1702778934.979,0.8,0.1699,0.74,0.1787
model-1702778600,1702778935.304,0.64,0.2143,0.72,0.1742
model-1702778600,1702778935.582,0.71,0.2026,0.74,0.168
model-1702778600,1702778935.88,0.67,0.1946,0.75,0.176
model-1702778600,1702778936.162,0.77,0.1585,0.74,0.182
model-1702778600,1702778936.454,0.74,0.1582,0.71,0.194
model-1702778600,1702778936.74,0.67,0.212,0.72,0.1859
model-1702778600,1702778937.031,0.71,0.1825,0.71,0.1771
model-1702778600,1702778937.321,0.78,0.1576,0.72,0.1716
model-1702778600,1702778937.618,0.77,0.1541,0.73,0.1692
model-1702778600,1702778937.903,0.78,0.1662,0.73,0.1672
model-1702778600,1702778938.206,0.66,0.2013,0.73,0.168
model-1702778600,1702778938.495,0.69,0.1856,0.73,0.1736
model-1702778600,1702778938.788,0.82,0.1501,0.71,0.1773
model-1702778600,1702778939.071,0.71,0.185,0.71,0.1751
model-1702778600,1702778939.359,0.79,0.1388,0.73,0.1727
model-1702778600,1702778939.668,0.71,0.1854,0.73,0.1623
model-1702778600,1702778939.965,0.77,0.1553,0.78,0.1606
model-1702778600,1702778940.25,0.73,0.1691,0.78,0.1703
model-1702778600,1702778940.553,0.75,0.2045,0.77,0.1782
model-1702778600,1702778940.837,0.68,0.1967,0.74,0.1831
model-1702778600,1702778941.131,0.65,0.2476,0.71,0.1849
model-1702778600,1702778941.411,0.68,0.2106,0.71,0.1773
model-1702778600,1702778941.705,0.74,0.1711,0.71,0.1669
model-1702778600,1702778941.99,0.81,0.1305,0.72,0.1676
model-1702778600,1702778942.285,0.72,0.1926,0.73,0.1694
model-1702778600,1702778942.568,0.77,0.1796,0.71,0.1713
model-1702778600,1702778942.868,0.7,0.1859,0.71,0.1716
model-1702778600,1702778943.155,0.72,0.2049,0.71,0.1765
model-1702778600,1702778943.453,0.69,0.1933,0.72,0.1808
model-1702778600,1702778943.737,0.74,0.1862,0.74,0.1812
model-1702778600,1702778944.03,0.79,0.1565,0.69,0.1779
model-1702778600,1702778944.355,0.77,0.1549,0.7,0.1806
model-1702778600,1702778944.69,0.73,0.203,0.72,0.1796
model-1702778600,1702778944.982,0.77,0.1473,0.71,0.1825
model-1702778600,1702778945.299,0.74,0.1756,0.7,0.1832
model-1702778600,1702778945.623,0.79,0.1511,0.69,0.1778
model-1702778600,1702778945.931,0.77,0.1615,0.73,0.1723
model-1702778600,1702778946.222,0.71,0.181,0.78,0.174
model-1702778600,1702778946.527,0.75,0.1609,0.78,0.1728
model-1702778600,1702778946.829,0.71,0.2097,0.75,0.1635
model-1702778600,1702778947.134,0.74,0.1728,0.72,0.1753
model-1702778600,1702778947.43,0.81,0.1447,0.7,0.1952
model-1702778600,1702778947.735,0.73,0.1549,0.7,0.2023
model-1702778600,1702778948.042,0.74,0.1643,0.72,0.1869
model-1702778600,1702778948.438,0.79,0.1664,0.76,0.1735
model-1702778600,1702778948.731,0.72,0.1807,0.77,0.1806
model-1702778600,1702778949.036,0.73,0.1914,0.77,0.1759
model-1702778600,1702778949.33,0.78,0.1493,0.78,0.1705
model-1702778600,1702778949.654,0.64,0.2331,0.69,0.1915
model-1702778600,1702778949.948,0.69,0.1784,0.69,0.1966
model-1702778600,1702778950.252,0.71,0.1971,0.73,0.1832
model-1702778600,1702778950.54,0.73,0.176,0.75,0.1688
model-1702778600,1702778950.844,0.71,0.1779,0.73,0.173
model-1702778600,1702778951.059,0.75,0.1592,0.73,0.186
model-1702778600,1702778951.367,0.62,0.2139,0.72,0.1817
model-1702778600,1702778951.669,0.77,0.1568,0.73,0.1718
model-1702778600,1702778951.971,0.76,0.1569,0.69,0.1835
model-1702778600,1702778952.281,0.84,0.1259,0.69,0.2065
model-1702778600,1702778952.58,0.7,0.1909,0.67,0.2121
model-1702778600,1702778952.885,0.79,0.1754,0.71,0.1981
model-1702778600,1702778953.192,0.72,0.1678,0.7,0.1766
model-1702778600,1702778953.505,0.77,0.1583,0.74,0.1741
model-1702778600,1702778953.809,0.73,0.1745,0.75,0.1754
model-1702778600,1702778954.108,0.77,0.1678,0.74,0.1763
model-1702778600,1702778954.421,0.78,0.16,0.75,0.1785
model-1702778600,1702778954.743,0.81,0.1593,0.74,0.1863
model-1702778600,1702778955.046,0.78,0.1684,0.71,0.1938
model-1702778600,1702778955.348,0.72,0.1869,0.71,0.1989
model-1702778600,1702778955.693,0.74,0.1573,0.7,0.2007
model-1702778600,1702778956.005,0.71,0.2008,0.72,0.1918
model-1702778600,1702778956.307,0.74,0.1811,0.74,0.1796
model-1702778600,1702778956.612,0.76,0.169,0.77,0.1703
model-1702778600,1702778956.912,0.78,0.1575,0.75,0.1667
model-1702778600,1702778957.221,0.68,0.2098,0.78,0.1645
model-1702778600,1702778957.53,0.79,0.1504,0.8,0.1653
model-1702778600,1702778957.833,0.74,0.1683,0.77,0.1735
model-1702778600,1702778958.143,0.75,0.1671,0.79,0.1679
model-1702778600,1702778958.462,0.73,0.1564,0.81,0.1619
model-1702778600,1702778958.772,0.8,0.1546,0.8,0.1611
model-1702778600,1702778959.077,0.82,0.1408,0.81,0.1605
model-1702778600,1702778959.385,0.79,0.163,0.79,0.1636
model-1702778600,1702778959.721,0.82,0.1199,0.73,0.1747
model-1702778600,1702778960.035,0.76,0.1613,0.75,0.1696
model-1702778600,1702778960.351,0.87,0.1233,0.76,0.1607
model-1702778600,1702778960.676,0.79,0.1435,0.78,0.1574
model-1702778600,1702778960.99,0.79,0.167,0.77,0.1657
model-1702778600,1702778961.455,0.82,0.1478,0.76,0.1736
model-1702778600,1702778961.924,0.75,0.1581,0.69,0.1891
model-1702778600,1702778962.288,0.78,0.1672,0.68,0.1938
model-1702778600,1702778962.694,0.75,0.1586,0.72,0.1793
model-1702778600,1702778963.116,0.75,0.1827,0.79,0.1646
model-1702778600,1702778963.47,0.81,0.1486,0.8,0.1582
model-1702778600,1702778963.847,0.8,0.1487,0.8,0.1575
model-1702778600,1702778964.243,0.71,0.1736,0.8,0.1553
model-1702778600,1702778964.599,0.7,0.1738,0.8,0.1518
model-1702778600,1702778965.031,0.81,0.1459,0.79,0.1504
model-1702778600,1702778965.404,0.72,0.1671,0.77,0.1506
model-1702778600,1702778965.851,0.75,0.1705,0.82,0.1481
model-1702778600,1702778966.256,0.83,0.1444,0.8,0.1529
model-1702778600,1702778966.631,0.73,0.1785,0.77,0.1601
model-1702778600,1702778966.991,0.73,0.1907,0.78,0.1519
model-1702778600,1702778967.402,0.76,0.1786,0.81,0.1457
model-1702778600,1702778967.771,0.71,0.2021,0.77,0.1489
model-1702778600,1702778968.211,0.77,0.1692,0.76,0.1534
model-1702778600,1702778968.753,0.7,0.1874,0.83,0.1432
model-1702778600,1702778969.188,0.75,0.1802,0.82,0.1491
model-1702778600,1702778969.729,0.77,0.1663,0.73,0.1767
model-1702778600,1702778970.215,0.76,0.1577,0.72,0.1787
model-1702778600,1702778970.546,0.71,0.1799,0.76,0.1645
model-1702778600,1702778970.894,0.81,0.1337,0.76,0.1527
model-1702778600,1702778971.191,0.76,0.1672,0.81,0.148
model-1702778600,1702778971.484,0.75,0.1641,0.85,0.1477
model-1702778600,1702778971.777,0.8,0.1438,0.8,0.1526
model-1702778600,1702778972.075,0.79,0.1441,0.75,0.1624
model-1702778600,1702778972.365,0.78,0.1621,0.72,0.173
model-1702778600,1702778972.664,0.77,0.1601,0.71,0.1732
model-1702778600,1702778972.96,0.78,0.1608,0.74,0.1656
model-1702778600,1702778973.258,0.72,0.1713,0.75,0.1638
model-1702778600,1702778973.555,0.72,0.1784,0.75,0.1616
model-1702778600,1702778973.848,0.79,0.1468,0.74,0.1629
model-1702778600,1702778974.146,0.77,0.1724,0.74,0.1675
model-1702778600,1702778974.443,0.79,0.1362,0.75,0.171
model-1702778600,1702778974.767,0.73,0.1556,0.76,0.1694
model-1702778600,1702778975.066,0.72,0.1802,0.75,0.1634
model-1702778600,1702778975.366,0.73,0.1695,0.73,0.1589
model-1702778600,1702778975.673,0.74,0.1683,0.77,0.1533
model-1702778600,1702778976.015,0.82,0.1277,0.79,0.1496
model-1702778600,1702778976.317,0.78,0.1625,0.78,0.1474
model-1702778600,1702778976.617,0.73,0.1828,0.83,0.1435
model-1702778600,1702778976.936,0.8,0.1629,0.82,0.1413
model-1702778600,1702778977.251,0.73,0.1811,0.79,0.1415
model-1702778600,1702778977.556,0.76,0.1769,0.78,0.1429
model-1702778600,1702778977.855,0.78,0.1467,0.76,0.1497
model-1702778600,1702778978.157,0.72,0.1907,0.76,0.1584
model-1702778600,1702778978.464,0.76,0.1598,0.8,0.1449
model-1702778600,1702778978.768,0.83,0.1334,0.82,0.1408
model-1702778600,1702778979.068,0.75,0.1616,0.83,0.1417
model-1702778600,1702778979.368,0.82,0.1438,0.82,0.1443
model-1702778600,1702778979.697,0.81,0.1347,0.79,0.1482
model-1702778600,1702778979.998,0.79,0.1548,0.8,0.1488
model-1702778600,1702778980.303,0.78,0.1363,0.82,0.1451
model-1702778600,1702778980.603,0.81,0.1598,0.79,0.1467
model-1702778600,1702778980.906,0.74,0.1894,0.79,0.149
model-1702778600,1702778981.218,0.8,0.1364,0.81,0.1537
model-1702778600,1702778981.52,0.79,0.1439,0.78,0.1643
model-1702778600,1702778981.823,0.76,0.1623,0.77,0.1738
model-1702778600,1702778982.13,0.71,0.1872,0.78,0.1617
model-1702778600,1702778982.433,0.8,0.1499,0.82,0.1509
model-1702778600,1702778982.738,0.84,0.1275,0.8,0.1472
model-1702778600,1702778983.101,0.73,0.1586,0.79,0.1474
model-1702778600,1702778983.408,0.79,0.1407,0.79,0.1472
model-1702778600,1702778983.715,0.79,0.1426,0.8,0.1478
model-1702778600,1702778984.02,0.74,0.1721,0.79,0.1508
model-1702778600,1702778984.327,0.81,0.137,0.77,0.1581
model-1702778600,1702778984.652,0.75,0.1735,0.77,0.1518
model-1702778600,1702778984.958,0.75,0.1685,0.79,0.154
model-1702778600,1702778985.264,0.75,0.1541,0.79,0.1481
model-1702778600,1702778985.579,0.82,0.1445,0.78,0.1474
model-1702778600,1702778985.915,0.66,0.1969,0.77,0.1461
model-1702778600,1702778986.233,0.81,0.1325,0.8,0.1483
model-1702778600,1702778986.546,0.79,0.1414,0.81,0.1424
model-1702778600,1702778986.852,0.77,0.1586,0.81,0.1386
model-1702778600,1702778987.158,0.83,0.1311,0.8,0.1414
model-1702778600,1702778987.468,0.84,0.1535,0.79,0.1467
model-1702778600,1702778987.775,0.78,0.1363,0.8,0.1521
model-1702778600,1702778988.084,0.78,0.1447,0.81,0.1444
model-1702778600,1702778988.397,0.72,0.1884,0.81,0.1369
model-1702778600,1702778988.71,0.8,0.1409,0.81,0.1348
model-1702778600,1702778989.017,0.8,0.1517,0.8,0.1436
model-1702778600,1702778989.326,0.73,0.1696,0.79,0.1632
model-1702778600,1702778989.657,0.85,0.1113,0.75,0.1791
model-1702778600,1702778989.963,0.7,0.2038,0.78,0.1577
model-1702778600,1702778990.275,0.76,0.1693,0.82,0.1414
model-1702778600,1702778990.587,0.79,0.1465,0.78,0.1417
model-1702778600,1702778990.905,0.78,0.1428,0.76,0.1448
model-1702778600,1702778991.215,0.89,0.1074,0.78,0.1463
model-1702778600,1702778991.528,0.78,0.1241,0.81,0.158
model-1702778600,1702778991.835,0.74,0.1789,0.76,0.1755
model-1702778600,1702778992.147,0.75,0.175,0.76,0.1775
model-1702778600,1702778992.454,0.83,0.1289,0.8,0.1686
model-1702778600,1702778992.761,0.8,0.1485,0.79,0.1615
model-1702778600,1702778993.072,0.77,0.1619,0.77,0.1609
model-1702778600,1702778993.384,0.82,0.1541,0.78,0.1597
model-1702778600,1702778993.698,0.78,0.1525,0.76,0.1592
model-1702778600,1702778994.01,0.78,0.1465,0.78,0.1563
model-1702778600,1702778994.336,0.76,0.1447,0.78,0.1671
model-1702778600,1702778994.694,0.76,0.1633,0.74,0.1777
model-1702778600,1702778995.027,0.77,0.1592,0.74,0.1773
model-1702778600,1702778995.345,0.83,0.1271,0.75,0.1702
model-1702778600,1702778995.656,0.85,0.1198,0.76,0.1587
model-1702778600,1702778995.978,0.74,0.1788,0.77,0.1525
model-1702778600,1702778996.326,0.74,0.1581,0.77,0.1523
model-1702778600,1702778996.639,0.78,0.1535,0.76,0.1538
model-1702778600,1702778996.953,0.75,0.1561,0.75,0.1526
model-1702778600,1702778997.27,0.75,0.1757,0.78,0.1503
model-1702778600,1702778997.58,0.75,0.1523,0.77,0.1552
model-1702778600,1702778997.89,0.77,0.1598,0.73,0.1789
model-1702778600,1702778998.204,0.69,0.1854,0.73,0.1772
model-1702778600,1702778998.518,0.8,0.1522,0.77,0.1626
model-1702778600,1702778998.843,0.79,0.1526,0.78,0.1535
model-1702778600,1702778999.156,0.83,0.1378,0.77,0.1605
model-1702778600,1702778999.469,0.7,0.189,0.78,0.1596
model-1702778600,1702778999.805,0.81,0.1391,0.77,0.1521
model-1702778600,1702779000.117,0.81,0.1418,0.76,0.1556
model-1702778600,1702779000.428,0.73,0.1791,0.75,0.169
model-1702778600,1702779000.741,0.79,0.1513,0.73,0.1789
model-1702778600,1702779001.071,0.72,0.1964,0.76,0.1604
model-1702778600,1702779001.381,0.73,0.1923,0.81,0.1503
model-1702778600,1702779001.69,0.8,0.1588,0.81,0.1534
model-1702778600,1702779002.001,0.78,0.1437,0.82,0.1512
model-1702778600,1702779002.316,0.75,0.1652,0.79,0.1463
model-1702778600,1702779002.633,0.68,0.1754,0.75,0.1542
model-1702778600,1702779002.943,0.79,0.1382,0.75,0.1696
model-1702778600,1702779003.257,0.79,0.1442,0.73,0.1729
model-1702778600,1702779003.57,0.72,0.1633,0.74,0.1531
model-1702778600,1702779003.88,0.8,0.1463,0.77,0.1546
model-1702778600,1702779004.187,0.81,0.134,0.76,0.1607
model-1702778600,1702779004.509,0.74,0.1701,0.78,0.1612
model-1702778600,1702779004.843,0.77,0.1627,0.75,0.1703
model-1702778600,1702779005.155,0.7,0.1773,0.7,0.1906
model-1702778600,1702779005.467,0.74,0.1842,0.72,0.196
model-1702778600,1702779005.776,0.73,0.1724,0.73,0.1801
model-1702778600,1702779006.086,0.73,0.1838,0.73,0.1714
model-1702778600,1702779006.444,0.82,0.1396,0.73,0.1765
model-1702778600,1702779006.756,0.74,0.1663,0.74,0.1893
model-1702778600,1702779007.162,0.64,0.1917,0.75,0.1858
model-1702778600,1702779007.48,0.73,0.1976,0.74,0.172
model-1702778600,1702779007.793,0.76,0.1744,0.74,0.1726
model-1702778600,1702779008.109,0.82,0.1464,0.76,0.182
model-1702778600,1702779008.429,0.8,0.1345,0.71,0.2017
model-1702778600,1702779008.742,0.72,0.1914,0.73,0.1968
model-1702778600,1702779009.058,0.77,0.1758,0.78,0.1855
model-1702778600,1702779009.372,0.81,0.1346,0.74,0.1748
model-1702778600,1702779009.712,0.84,0.1301,0.72,0.1742
model-1702778600,1702779010.031,0.8,0.1523,0.71,0.1745
model-1702778600,1702779010.347,0.71,0.1791,0.71,0.1729
model-1702778600,1702779010.661,0.73,0.1809,0.73,0.1687
model-1702778600,1702779010.977,0.8,0.1278,0.72,0.1712
model-1702778600,1702779011.291,0.74,0.1607,0.74,0.1739
model-1702778600,1702779011.608,0.84,0.1191,0.72,0.1774
model-1702778600,1702779011.926,0.78,0.1707,0.75,0.1688
model-1702778600,1702779012.258,0.83,0.1398,0.72,0.1552
model-1702778600,1702779012.593,0.67,0.1851,0.73,0.1485
model-1702778600,1702779012.929,0.81,0.1551,0.76,0.1482
model-1702778600,1702779013.246,0.76,0.1696,0.77,0.1492
model-1702778600,1702779013.562,0.73,0.1909,0.8,0.1514
model-1702778600,1702779013.882,0.76,0.1736,0.77,0.1598
model-1702778600,1702779014.199,0.81,0.1499,0.78,0.1642
model-1702778600,1702779014.522,0.87,0.1051,0.79,0.1651
model-1702778600,1702779014.854,0.76,0.176,0.79,0.1614
model-1702778600,1702779015.173,0.77,0.1627,0.8,0.1568
model-1702778600,1702779015.489,0.82,0.1545,0.77,0.1585
model-1702778600,1702779015.805,0.78,0.1694,0.77,0.1591
model-1702778600,1702779016.126,0.74,0.1734,0.75,0.1598
model-1702778600,1702779016.486,0.77,0.1617,0.75,0.1658
model-1702778600,1702779016.801,0.88,0.1183,0.76,0.1691
model-1702778600,1702779017.119,0.8,0.1342,0.76,0.1656
model-1702778600,1702779017.436,0.77,0.1597,0.76,0.1634
model-1702778600,1702779017.753,0.83,0.1229,0.76,0.1609
model-1702778600,1702779018.074,0.86,0.1288,0.74,0.1559
model-1702778600,1702779018.391,0.83,0.1241,0.76,0.1536
model-1702778600,1702779018.706,0.8,0.1434,0.78,0.1522
model-1702778600,1702779019.024,0.79,0.1517,0.75,0.1541
model-1702778600,1702779019.338,0.83,0.1366,0.75,0.1526
model-1702778600,1702779019.679,0.78,0.1651,0.76,0.1523
model-1702778600,1702779019.998,0.74,0.1532,0.76,0.1657
model-1702778600,1702779020.316,0.87,0.1188,0.76,0.1832
model-1702778600,1702779020.635,0.79,0.149,0.76,0.1897
model-1702778600,1702779020.966,0.74,0.1628,0.75,0.1721
model-1702778600,1702779021.285,0.82,0.1577,0.78,0.1547
model-1702778600,1702779021.603,0.82,0.1382,0.79,0.15
model-1702778600,1702779021.921,0.79,0.1692,0.8,0.15
model-1702778600,1702779022.241,0.84,0.1201,0.8,0.1487
model-1702778600,1702779022.559,0.68,0.21,0.78,0.1476
model-1702778600,1702779022.879,0.79,0.1501,0.78,0.1496
model-1702778600,1702779023.197,0.76,0.1538,0.77,0.1551
model-1702778600,1702779023.517,0.81,0.1337,0.76,0.1557
model-1702778600,1702779023.835,0.76,0.156,0.78,0.1482
model-1702778600,1702779024.057,0.77,0.1422,0.77,0.1423
model-1702930591,1702930592.782,0.5,0.25,0.48,0.2531
model-1702930591,1702930593.09,0.47,0.2541,0.46,0.2507
model-1702930591,1702930593.368,0.57,0.2499,0.48,0.2508
model-1702930591,1702930593.664,0.5,0.2499,0.48,0.2508
model-1702930591,1702930593.929,0.48,0.2507,0.48,0.2504
model-1702930591,1702930594.225,0.47,0.2498,0.58,0.25
model-1702930591,1702930594.507,0.57,0.25,0.52,0.2501
model-1702930591,1702930594.808,0.41,0.2547,0.52,0.2498
model-1702930591,1702930595.074,0.46,0.2511,0.48,0.2498
model-1702930591,1702930595.373,0.48,0.2499,0.5,0.25
model-1702930591,1702930595.674,0.63,0.2493,0.48,0.2503
model-1702930591,1702930595.973,0.57,0.2487,0.48,0.2506
model-1702930591,1702930596.237,0.49,0.2494,0.48,0.2511
model-1702930591,1702930596.55,0.49,0.2515,0.48,0.2512
model-1702930591,1702930596.823,0.54,0.2478,0.48,0.2515
model-1702930591,1702930597.133,0.45,0.252,0.48,0.251
model-1702930591,1702930597.418,0.47,0.2515,0.48,0.2505
model-1702930591,1702930597.706,0.5,0.2492,0.54,0.2502
model-1702930591,1702930597.979,0.6,0.2485,0.5,0.2501
model-1702930591,1702930598.265,0.44,0.2509,0.56,0.25
model-1702930591,1702930598.55,0.47,0.2504,0.54,0.2501
model-1702930591,1702930598.852,0.53,0.2494,0.55,0.2501
model-1702930591,1702930599.268,0.57,0.2484,0.5,0.2502
model-1702930591,1702930599.709,0.52,0.249,0.47,0.2502
model-1702930591,1702930600.124,0.55,0.2502,0.52,0.2503
model-1702930591,1702930600.453,0.58,0.2475,0.48,0.2502
model-1702930591,1702930600.731,0.61,0.2471,0.45,0.2501
model-1702930591,1702930601.0,0.62,0.2432,0.48,0.2506
model-1702930591,1702930601.261,0.45,0.2546,0.51,0.249
model-1702930591,1702930601.552,0.6,0.2432,0.52,0.2476
model-1702930591,1702930601.844,0.49,0.2517,0.55,0.246
model-1702930591,1702930602.111,0.62,0.2412,0.58,0.2452
model-1702930591,1702930602.392,0.48,0.2546,0.55,0.2459
model-1702930591,1702930602.664,0.58,0.2474,0.51,0.249
model-1702930591,1702930602.954,0.54,0.2442,0.5,0.2513
model-1702930591,1702930603.232,0.46,0.2599,0.49,0.2502
model-1702930591,1702930603.597,0.58,0.247,0.49,0.2485
model-1702930591,1702930603.886,0.51,0.2483,0.49,0.2473
model-1702930591,1702930604.146,0.62,0.2393,0.54,0.2469
model-1702930591,1702930604.413,0.55,0.2454,0.56,0.246
model-1702930591,1702930604.694,0.51,0.247,0.6,0.2449
model-1702930591,1702930604.986,0.61,0.2433,0.56,0.2436
model-1702930591,1702930605.278,0.5,0.2443,0.56,0.2431
model-1702930591,1702930605.58,0.52,0.2509,0.56,0.2433
model-1702930591,1702930605.891,0.54,0.2414,0.57,0.243
model-1702930591,1702930606.176,0.61,0.2388,0.6,0.2418
model-1702930591,1702930606.438,0.58,0.2418,0.62,0.2409
model-1702930591,1702930606.715,0.57,0.2543,0.56,0.2414
model-1702930591,1702930606.974,0.53,0.2434,0.56,0.2416
model-1702930591,1702930607.275,0.58,0.2457,0.54,0.2413
model-1702930591,1702930607.562,0.6,0.236,0.58,0.2397
model-1702930591,1702930607.83,0.63,0.2392,0.59,0.2376
model-1702930591,1702930608.089,0.65,0.2317,0.59,0.2368
model-1702930591,1702930608.395,0.63,0.2374,0.56,0.238
model-1702930591,1702930608.688,0.57,0.2372,0.57,0.2404
model-1702930591,1702930608.98,0.54,0.2504,0.55,0.2382
model-1702930591,1702930609.371,0.63,0.2351,0.57,0.2417
model-1702930591,1702930609.772,0.57,0.2355,0.55,0.2455
model-1702930591,1702930610.239,0.63,0.2246,0.55,0.2454
model-1702930591,1702930610.588,0.58,0.2354,0.57,0.2399
model-1702930591,1702930610.895,0.64,0.2335,0.52,0.2433
model-1702930591,1702930611.24,0.65,0.2265,0.57,0.2593
model-1702930591,1702930611.699,0.51,0.2554,0.54,0.2432
model-1702930591,1702930612.105,0.56,0.2469,0.59,0.2339
model-1702930591,1702930613.597,0.53,0.2406,0.58,0.2365
model-1702930591,1702930614.013,0.7,0.2171,0.57,0.2406
model-1702930591,1702930614.59,0.5,0.2651,0.54,0.2422
model-1702930591,1702930615.125,0.56,0.2406,0.55,0.2403
model-1702930591,1702930615.436,0.49,0.2586,0.58,0.2351
model-1702930591,1702930615.77,0.58,0.239,0.64,0.2314
model-1702930591,1702930616.234,0.68,0.2263,0.58,0.2312
model-1702930591,1702930616.581,0.69,0.2243,0.57,0.2338
model-1702930591,1702930617.05,0.61,0.2365,0.57,0.2367
model-1702930591,1702930617.396,0.63,0.2393,0.55,0.2377
model-1702930591,1702930617.695,0.6,0.2311,0.57,0.2384
model-1702930591,1702930618.081,0.6,0.227,0.58,0.2384
model-1702930591,1702930618.386,0.6,0.2518,0.59,0.2363
model-1702930591,1702930618.68,0.62,0.2334,0.56,0.2344
model-1702930591,1702930618.963,0.58,0.24,0.54,0.2337
model-1702930591,1702930619.257,0.59,0.2454,0.56,0.2353
model-1702930591,1702930619.542,0.58,0.2322,0.57,0.2363
model-1702930591,1702930619.837,0.62,0.2301,0.61,0.2381
model-1702930591,1702930620.131,0.66,0.2258,0.6,0.24
model-1702930591,1702930620.438,0.63,0.2307,0.61,0.2408
model-1702930591,1702930620.726,0.55,0.2423,0.58,0.2405
model-1702930591,1702930621.022,0.61,0.2364,0.57,0.2402
model-1702930591,1702930621.323,0.57,0.2439,0.56,0.2399
model-1702930591,1702930621.643,0.63,0.2246,0.53,0.2411
model-1702930591,1702930621.932,0.55,0.2442,0.51,0.241
model-1702930591,1702930622.23,0.61,0.2321,0.55,0.2367
model-1702930591,1702930622.529,0.57,0.2432,0.56,0.2309
model-1702930591,1702930622.823,0.6,0.2259,0.63,0.2267
model-1702930591,1702930623.109,0.62,0.2263,0.64,0.2253
model-1702930591,1702930623.404,0.52,0.2586,0.62,0.2237
model-1702930591,1702930623.692,0.61,0.2282,0.64,0.2222
model-1702930591,1702930623.987,0.52,0.2442,0.64,0.2227
model-1702930591,1702930624.278,0.64,0.2288,0.6,0.2267
model-1702930591,1702930624.575,0.53,0.244,0.62,0.2281
model-1702930591,1702930624.861,0.57,0.2344,0.62,0.2272
model-1702930591,1702930625.161,0.61,0.2385,0.62,0.2246
model-1702930591,1702930625.461,0.66,0.2294,0.63,0.2256
model-1702930591,1702930625.76,0.64,0.2192,0.59,0.2271
model-1702930591,1702930626.082,0.59,0.2506,0.58,0.2297
model-1702930591,1702930626.395,0.58,0.2297,0.59,0.233
model-1702930591,1702930626.686,0.64,0.2381,0.59,0.2366
model-1702930591,1702930626.987,0.58,0.2238,0.58,0.2352
model-1702930591,1702930627.302,0.62,0.2147,0.58,0.2373
model-1702930591,1702930627.605,0.53,0.2449,0.58,0.2383
model-1702930591,1702930627.899,0.67,0.2216,0.58,0.239
model-1702930591,1702930628.198,0.59,0.2449,0.59,0.2353
model-1702930591,1702930628.494,0.59,0.2301,0.58,0.2307
model-1702930591,1702930628.796,0.66,0.2206,0.6,0.2297
model-1702930591,1702930629.092,0.67,0.2204,0.6,0.2289
model-1702930591,1702930629.398,0.6,0.2286,0.56,0.2292
model-1702930591,1702930629.701,0.56,0.245,0.57,0.2287
model-1702930591,1702930630.025,0.71,0.2084,0.57,0.2278
model-1702930591,1702930630.329,0.71,0.2083,0.57,0.2279
model-1702930591,1702930630.634,0.63,0.2139,0.56,0.2342
model-1702930591,1702930630.932,0.59,0.2353,0.56,0.2402
model-1702930591,1702930631.238,0.61,0.2462,0.58,0.2351
model-1702930591,1702930631.536,0.64,0.2137,0.57,0.2383
model-1702930591,1702930631.84,0.62,0.2198,0.56,0.2436
model-1702930591,1702930632.142,0.65,0.2204,0.56,0.2462
model-1702930591,1702930632.47,0.58,0.2425,0.55,0.2459
model-1702930591,1702930632.771,0.61,0.2405,0.58,0.2392
model-1702930591,1702930633.076,0.6,0.2206,0.6,0.2285
model-1702930591,1702930633.397,0.64,0.2128,0.66,0.2312
model-1702930591,1702930633.731,0.68,0.2037,0.64,0.232
model-1702930591,1702930634.035,0.62,0.2439,0.65,0.2194
model-1702930591,1702930634.344,0.58,0.2499,0.63,0.214
model-1702930591,1702930634.643,0.59,0.2282,0.61,0.226
model-1702930591,1702930634.95,0.52,0.2595,0.64,0.2316
model-1702930591,1702930635.252,0.62,0.2249,0.64,0.2338
model-1702930591,1702930635.572,0.5,0.2576,0.65,0.2287
model-1702930591,1702930635.871,0.56,0.2456,0.65,0.2233
model-1702930591,1702930636.22,0.69,0.2109,0.67,0.221
model-1702930591,1702930636.534,0.58,0.2356,0.67,0.2229
model-1702930591,1702930636.846,0.62,0.2404,0.65,0.2254
model-1702930591,1702930637.148,0.6,0.234,0.66,0.2259
model-1702930591,1702930637.483,0.53,0.2502,0.65,0.2257
model-1702930591,1702930637.786,0.62,0.2244,0.6,0.2265
model-1702930591,1702930638.096,0.62,0.2292,0.59,0.2278
model-1702930591,1702930638.399,0.58,0.2458,0.58,0.2289
model-1702930591,1702930638.71,0.66,0.2222,0.58,0.2301
model-1702930591,1702930639.016,0.65,0.2255,0.58,0.2308
model-1702930591,1702930639.326,0.63,0.2348,0.59,0.2312
model-1702930591,1702930639.656,0.65,0.2257,0.6,0.2311
model-1702930591,1702930639.968,0.59,0.2374,0.6,0.2288
model-1702930591,1702930640.275,0.68,0.2089,0.59,0.2257
model-1702930591,1702930640.603,0.63,0.2274,0.61,0.2235
model-1702930591,1702930640.908,0.67,0.2305,0.59,0.2227
model-1702930591,1702930641.224,0.63,0.2156,0.6,0.2241
model-1702930591,1702930641.531,0.58,0.2408,0.59,0.2228
model-1702930591,1702930641.936,0.6,0.2343,0.59,0.2234
model-1702930591,1702930642.275,0.68,0.2261,0.6,0.224
model-1702930591,1702930642.603,0.57,0.2312,0.61,0.2255
model-1702930591,1702930642.914,0.65,0.2295,0.62,0.2245
model-1702930591,1702930643.233,0.65,0.2359,0.62,0.2194
model-1702930591,1702930643.542,0.63,0.2275,0.63,0.2178
model-1702930591,1702930643.859,0.69,0.2103,0.63,0.2184
model-1702930591,1702930644.168,0.64,0.2133,0.63,0.2175
model-1702930591,1702930644.489,0.68,0.2148,0.63,0.2169
model-1702930591,1702930644.797,0.72,0.206,0.63,0.2176
model-1702930591,1702930645.119,0.58,0.2338,0.64,0.2186
model-1702930591,1702930645.443,0.67,0.2248,0.61,0.2208
model-1702930591,1702930645.767,0.51,0.2794,0.61,0.2223
model-1702930591,1702930646.078,0.65,0.2318,0.62,0.2214
model-1702930591,1702930646.443,0.62,0.2174,0.59,0.2233
model-1702930591,1702930646.76,0.62,0.2296,0.61,0.2286
model-1702930591,1702930647.096,0.56,0.2625,0.6,0.2294
model-1702930591,1702930647.472,0.63,0.2234,0.61,0.2295
model-1702930591,1702930647.802,0.58,0.2325,0.6,0.2235
model-1702930591,1702930648.116,0.62,0.2217,0.61,0.2189
model-1702930591,1702930648.438,0.61,0.2287,0.64,0.2188
model-1702930591,1702930648.755,0.63,0.2204,0.65,0.219
model-1702930591,1702930649.086,0.69,0.2215,0.65,0.2193
model-1702930591,1702930649.432,0.61,0.2306,0.66,0.2186
model-1702930591,1702930649.762,0.69,0.2116,0.67,0.2175
model-1702930591,1702930650.079,0.66,0.2235,0.67,0.2162
model-1702930591,1702930650.41,0.58,0.2362,0.67,0.2153
model-1702930591,1702930650.761,0.69,0.2218,0.67,0.2142
model-1702930591,1702930651.09,0.6,0.2389,0.7,0.2132
model-1702930591,1702930651.407,0.59,0.249,0.66,0.2127
model-1702930591,1702930651.736,0.64,0.215,0.66,0.2126
model-1702930591,1702930652.053,0.65,0.2253,0.66,0.2126
model-1702930591,1702930652.411,0.67,0.2129,0.63,0.2149
model-1702930591,1702930652.737,0.54,0.2636,0.65,0.2132
model-1702930591,1702930653.065,0.69,0.212,0.64,0.2143
model-1702930591,1702930653.381,0.68,0.2122,0.64,0.2233
model-1702930591,1702930653.709,0.55,0.2442,0.64,0.225
model-1702930591,1702930654.027,0.56,0.2336,0.59,0.2285
model-1702930591,1702930654.355,0.5,0.2833,0.61,0.2236
model-1702930591,1702930654.681,0.5,0.244,0.65,0.2199
model-1702930591,1702930655.008,0.6,0.2245,0.63,0.2209
model-1702930591,1702930655.326,0.72,0.2093,0.63,0.223
model-1702930591,1702930655.693,0.65,0.2332,0.65,0.2227
model-1702930591,1702930656.024,0.68,0.2264,0.65,0.2199
model-1702930591,1702930656.354,0.59,0.2402,0.67,0.2195
model-1702930591,1702930656.724,0.65,0.2251,0.64,0.2197
model-1702930591,1702930657.05,0.6,0.225,0.66,0.219
model-1702930591,1702930657.392,0.61,0.2302,0.65,0.2187
model-1702930591,1702930657.722,0.48,0.2474,0.65,0.2185
model-1702930591,1702930658.041,0.7,0.2186,0.63,0.2184
model-1702930591,1702930658.371,0.61,0.2384,0.65,0.2181
model-1702930591,1702930658.695,0.64,0.2202,0.63,0.2178
model-1702930591,1702930659.027,0.63,0.2325,0.64,0.2172
model-1702930591,1702930659.349,0.62,0.2264,0.61,0.2179
model-1702930591,1702930659.68,0.66,0.2106,0.62,0.221
model-1702930591,1702930660.0,0.64,0.2299,0.62,0.2258
model-1702930591,1702930660.332,0.64,0.2344,0.62,0.2303
model-1702930591,1702930660.663,0.61,0.2427,0.63,0.2243
model-1702930591,1702930661.0,0.7,0.2094,0.61,0.2185
model-1702930591,1702930661.322,0.69,0.2017,0.63,0.2152
model-1702930591,1702930661.67,0.64,0.219,0.65,0.2145
model-1702930591,1702930661.995,0.63,0.2222,0.65,0.2179
model-1702930591,1702930662.356,0.57,0.2453,0.65,0.2143
model-1702930591,1702930662.703,0.49,0.2584,0.69,0.2109
model-1702930591,1702930663.049,0.69,0.2177,0.64,0.2172
model-1702930591,1702930663.369,0.64,0.2226,0.62,0.2223
model-1702930591,1702930663.703,0.58,0.2329,0.62,0.2235
model-1702930591,1702930664.037,0.63,0.2256,0.62,0.2217
model-1702930591,1702930664.39,0.63,0.2372,0.63,0.219
model-1702930591,1702930664.732,0.71,0.2084,0.6,0.2184
model-1702930591,1702930665.066,0.62,0.2321,0.58,0.2179
model-1702930591,1702930665.305,0.6,0.2161,0.6,0.2185
model-1702930591,1702930665.636,0.55,0.2346,0.61,0.2188
model-1702930591,1702930665.991,0.73,0.2026,0.61,0.2201
model-1702930591,1702930666.317,0.69,0.197,0.6,0.2203
model-1702930591,1702930666.708,0.71,0.203,0.61,0.2216
model-1702930591,1702930667.036,0.66,0.224,0.62,0.2252
model-1702930591,1702930667.405,0.62,0.2249,0.6,0.2286
model-1702930591,1702930667.735,0.69,0.1953,0.56,0.2331
model-1702930591,1702930668.071,0.64,0.233,0.62,0.2297
model-1702930591,1702930668.398,0.67,0.2125,0.62,0.2295
model-1702930591,1702930668.738,0.64,0.2178,0.65,0.2319
model-1702930591,1702930669.063,0.75,0.2008,0.62,0.2366
model-1702930591,1702930669.404,0.65,0.2282,0.62,0.2376
model-1702930591,1702930669.736,0.69,0.2221,0.65,0.2312
model-1702930591,1702930670.082,0.61,0.2504,0.62,0.2268
model-1702930591,1702930670.432,0.7,0.2009,0.6,0.2266
model-1702930591,1702930670.79,0.63,0.2247,0.61,0.2249
model-1702930591,1702930671.119,0.63,0.2142,0.59,0.2232
model-1702930591,1702930671.462,0.71,0.2184,0.59,0.2214
model-1702930591,1702930671.789,0.67,0.2133,0.63,0.2169
model-1702930591,1702930672.132,0.65,0.2333,0.63,0.2123
model-1702930591,1702930672.501,0.64,0.2096,0.68,0.2131
model-1702930591,1702930672.845,0.69,0.2039,0.66,0.2152
model-1702930591,1702930673.174,0.59,0.2245,0.68,0.2134
model-1702930591,1702930673.52,0.6,0.2305,0.69,0.2115
model-1702930591,1702930673.849,0.7,0.2076,0.61,0.2123
model-1702930591,1702930674.194,0.76,0.1957,0.62,0.2148
model-1702930591,1702930674.527,0.67,0.2239,0.62,0.2147
model-1702930591,1702930674.877,0.69,0.206,0.61,0.2113
model-1702930591,1702930675.398,0.65,0.214,0.63,0.2099
model-1702930591,1702930675.762,0.75,0.2012,0.67,0.2099
model-1702930591,1702930676.097,0.68,0.2122,0.67,0.2102
model-1702930591,1702930676.444,0.62,0.2342,0.68,0.2148
model-1702930591,1702930676.816,0.67,0.2087,0.65,0.2208
model-1702930591,1702930677.18,0.66,0.2172,0.62,0.2253
model-1702930591,1702930677.545,0.68,0.22,0.65,0.2203
model-1702930591,1702930677.902,0.58,0.2436,0.64,0.2175
model-1702930591,1702930678.294,0.63,0.2133,0.58,0.2285
model-1702930591,1702930678.642,0.52,0.2526,0.61,0.2396
model-1702930591,1702930678.979,0.59,0.2512,0.58,0.2272
model-1702930591,1702930679.326,0.66,0.2356,0.67,0.2142
model-1702930591,1702930679.66,0.63,0.2207,0.65,0.2133
model-1702930591,1702930680.011,0.71,0.2042,0.65,0.2146
model-1702930591,1702930680.351,0.67,0.2247,0.65,0.2147
model-1702930591,1702930680.703,0.63,0.2103,0.66,0.2147
model-1702930591,1702930681.048,0.69,0.2027,0.66,0.2144
model-1702930591,1702930681.399,0.78,0.2017,0.65,0.2142
model-1702930591,1702930681.736,0.59,0.2449,0.67,0.2152
model-1702930591,1702930682.09,0.66,0.2287,0.62,0.2175
model-1702930591,1702930682.46,0.61,0.2255,0.64,0.2208
model-1702930591,1702930682.812,0.69,0.2229,0.64,0.2244
model-1702930591,1702930683.144,0.61,0.2321,0.64,0.222
model-1702930591,1702930683.494,0.68,0.2029,0.64,0.2173
model-1702930591,1702930683.83,0.59,0.2183,0.64,0.2137
model-1702930591,1702930684.182,0.71,0.204,0.63,0.2138
model-1702930591,1702930684.518,0.62,0.2222,0.63,0.2154
model-1702930591,1702930684.866,0.65,0.2211,0.64,0.2168
model-1702930591,1702930685.203,0.6,0.2377,0.64,0.2185
model-1702930591,1702930685.556,0.69,0.2047,0.65,0.2168
model-1702930591,1702930685.943,0.76,0.1911,0.64,0.2154
model-1702930591,1702930686.305,0.65,0.2022,0.64,0.2133
model-1702930591,1702930686.643,0.66,0.2216,0.65,0.2127
model-1702930591,1702930687.053,0.65,0.2042,0.62,0.2152
model-1702930591,1702930687.412,0.6,0.2193,0.62,0.2171
model-1702930591,1702930687.768,0.61,0.2273,0.61,0.2166
model-1702930591,1702930688.105,0.65,0.2195,0.64,0.2167
model-1702930591,1702930688.458,0.71,0.2135,0.63,0.2181
model-1702930591,1702930688.796,0.56,0.2514,0.67,0.2266
model-1702930591,1702930689.263,0.65,0.2271,0.66,0.2311
model-1702930591,1702930689.712,0.55,0.255,0.67,0.2235
model-1702930591,1702930690.176,0.61,0.2302,0.65,0.2163
model-1702930591,1702930690.625,0.74,0.1934,0.62,0.2154
model-1702930591,1702930691.627,0.69,0.2058,0.64,0.2187
model-1702930591,1702930692.622,0.61,0.2162,0.61,0.2203
model-1702930591,1702930693.512,0.7,0.2079,0.61,0.2188
model-1702930591,1702930694.272,0.62,0.2101,0.62,0.2179
model-1702930591,1702930694.863,0.66,0.215,0.63,0.2152
model-1702930591,1702930695.309,0.65,0.2267,0.66,0.2123
model-1702930591,1702930695.851,0.66,0.2138,0.64,0.2127
model-1702930591,1702930696.333,0.64,0.2101,0.63,0.2136
model-1702930591,1702930696.73,0.63,0.2255,0.63,0.2146
model-1702930591,1702930697.188,0.71,0.1984,0.64,0.2129
model-1702930591,1702930697.701,0.64,0.2037,0.64,0.2118
model-1702930591,1702930698.158,0.67,0.1946,0.67,0.2119
model-1702930591,1702930698.555,0.67,0.2113,0.66,0.2113
model-1702930591,1702930698.908,0.59,0.2379,0.69,0.2098
model-1702930591,1702930699.38,0.64,0.2278,0.69,0.2086
model-1702930591,1702930699.765,0.7,0.1966,0.68,0.2069
model-1702930591,1702930700.197,0.76,0.198,0.68,0.2065
model-1702930591,1702930700.557,0.63,0.2351,0.67,0.206
model-1702930591,1702930700.907,0.65,0.212,0.67,0.2061
model-1702930591,1702930701.259,0.69,0.2168,0.69,0.2093
model-1702930591,1702930701.61,0.68,0.2172,0.66,0.2121
model-1702930591,1702930702.269,0.62,0.2219,0.66,0.2101
model-1702930591,1702930702.716,0.64,0.2235,0.65,0.2123
model-1702930591,1702930703.076,0.63,0.2039,0.64,0.2199
model-1702930591,1702930703.427,0.62,0.2406,0.64,0.2187
model-1702930591,1702930703.766,0.66,0.2006,0.65,0.212
model-1702930591,1702930704.143,0.61,0.2221,0.66,0.2025
model-1702930591,1702930704.528,0.63,0.2157,0.69,0.1999
model-1702930591,1702930705.041,0.69,0.2085,0.72,0.2034
model-1702930591,1702930705.502,0.67,0.2277,0.71,0.2002
model-1702930591,1702930705.941,0.67,0.2036,0.68,0.1987
model-1702930591,1702930706.388,0.6,0.2382,0.67,0.1997
model-1702930591,1702930706.737,0.62,0.2153,0.68,0.2035
model-1702930591,1702930707.069,0.57,0.2383,0.69,0.2066
model-1702930591,1702930707.502,0.61,0.2209,0.69,0.2055
model-1702930591,1702930707.873,0.71,0.1855,0.69,0.2067
model-1702930591,1702930708.486,0.67,0.2192,0.68,0.2075
model-1702930591,1702930709.031,0.69,0.2067,0.65,0.2084
model-1702930591,1702930709.418,0.65,0.2259,0.62,0.2093
model-1702930591,1702930709.85,0.64,0.2091,0.63,0.212
model-1702930591,1702930710.431,0.57,0.2161,0.64,0.2132
model-1702930591,1702930711.181,0.67,0.2148,0.63,0.2136
model-1702930591,1702930712.187,0.6,0.2095,0.63,0.2127
model-1702930591,1702930712.924,0.58,0.2259,0.65,0.2114
model-1702930591,1702930713.456,0.73,0.1939,0.66,0.2108
model-1702930591,1702930713.802,0.75,0.183,0.66,0.211
model-1702930591,1702930714.272,0.66,0.2026,0.64,0.213
model-1702930591,1702930714.615,0.65,0.2154,0.65,0.2146
model-1702930591,1702930714.979,0.7,0.2204,0.64,0.2153
model-1702930591,1702930715.377,0.7,0.2003,0.63,0.2176
model-1702930591,1702930715.738,0.68,0.1995,0.62,0.2198
model-1702930591,1702930716.094,0.7,0.1934,0.64,0.2215
model-1702930591,1702930716.449,0.6,0.2413,0.62,0.2221
model-1702930591,1702930716.791,0.64,0.2163,0.63,0.2194
model-1702930591,1702930717.141,0.65,0.2005,0.65,0.2163
model-1702930591,1702930717.552,0.67,0.1939,0.64,0.221
model-1702930591,1702930717.905,0.67,0.1847,0.67,0.2254
model-1702930591,1702930718.265,0.6,0.2331,0.65,0.214
model-1702930591,1702930718.722,0.67,0.2248,0.66,0.2035
model-1702930591,1702930719.089,0.69,0.2067,0.64,0.2092
model-1702930591,1702930719.441,0.63,0.2285,0.65,0.2081
model-1702930591,1702930719.808,0.68,0.2038,0.63,0.2045
model-1702930591,1702930720.197,0.67,0.2204,0.68,0.2028
model-1702930591,1702930720.698,0.68,0.1994,0.67,0.2176
model-1702930591,1702930721.054,0.75,0.1747,0.65,0.2309
model-1702930591,1702930721.417,0.56,0.2331,0.66,0.2256
model-1702930591,1702930721.972,0.55,0.2446,0.66,0.2114
model-1702930591,1702930722.328,0.74,0.204,0.65,0.2126
model-1702930591,1702930722.681,0.62,0.2248,0.65,0.2306
model-1702930591,1702930723.017,0.58,0.2265,0.6,0.2427
model-1702930591,1702930723.376,0.57,0.2598,0.59,0.2384
model-1702930591,1702930723.726,0.52,0.2719,0.65,0.2249
model-1702930591,1702930724.112,0.7,0.2124,0.67,0.217
model-1702930591,1702930724.571,0.71,0.2083,0.66,0.2204
model-1702930591,1702930724.927,0.57,0.2324,0.69,0.2202
model-1702930591,1702930725.393,0.63,0.2298,0.69,0.2197
model-1702930591,1702930725.762,0.59,0.2293,0.69,0.2199
model-1702930591,1702930726.268,0.72,0.1982,0.68,0.2198
model-1702930591,1702930726.739,0.66,0.2246,0.68,0.2196
model-1702930591,1702930727.097,0.64,0.2238,0.67,0.219
model-1702930591,1702930727.722,0.74,0.213,0.67,0.2182
model-1702930591,1702930728.068,0.62,0.2249,0.67,0.2179
model-1702930591,1702930728.41,0.61,0.2208,0.65,0.2172
model-1702930591,1702930728.749,0.71,0.2086,0.65,0.2158
model-1702930591,1702930729.244,0.66,0.222,0.65,0.2145
model-1702930591,1702930729.605,0.69,0.2114,0.65,0.2134
model-1702930591,1702930729.956,0.67,0.2081,0.63,0.2129
model-1702930591,1702930730.466,0.71,0.2099,0.62,0.2128
model-1702930591,1702930730.839,0.71,0.1887,0.62,0.2136
model-1702930591,1702930731.195,0.73,0.1899,0.63,0.2129
model-1702930591,1702930731.683,0.7,0.2054,0.63,0.2121
model-1702930591,1702930732.028,0.76,0.1799,0.63,0.2139
model-1702930591,1702930732.423,0.69,0.2101,0.62,0.2171
model-1702930591,1702930732.844,0.71,0.2137,0.63,0.2219
model-1702930591,1702930733.213,0.54,0.2833,0.62,0.2235
model-1702930591,1702930733.632,0.74,0.2123,0.62,0.2227
model-1702930591,1702930734.084,0.65,0.21,0.65,0.2176
model-1702930591,1702930734.696,0.67,0.2221,0.65,0.2147
model-1702930591,1702930735.209,0.66,0.2291,0.62,0.2132
model-1702930591,1702930735.738,0.69,0.2074,0.61,0.2132
model-1702930591,1702930736.291,0.66,0.2174,0.59,0.2121
model-1702930591,1702930736.776,0.68,0.2158,0.63,0.2096
model-1702930591,1702930737.211,0.64,0.2198,0.66,0.2105
model-1702930591,1702930737.809,0.71,0.1885,0.66,0.2119
model-1702930591,1702930738.384,0.66,0.2149,0.66,0.2146
model-1702930591,1702930738.923,0.68,0.214,0.64,0.213
model-1702930591,1702930739.495,0.72,0.1887,0.66,0.2102
model-1702930591,1702930740.066,0.68,0.2004,0.65,0.2082
model-1702930591,1702930741.267,0.63,0.201,0.61,0.2075
model-1702930591,1702930741.65,0.71,0.1998,0.62,0.2064
model-1702930591,1702930742.052,0.61,0.2311,0.64,0.205
model-1702930591,1702930742.472,0.63,0.2256,0.66,0.2051
model-1702930591,1702930742.853,0.75,0.1867,0.7,0.209
model-1702930591,1702930743.21,0.69,0.2083,0.69,0.2036
model-1702930591,1702930743.592,0.73,0.1824,0.68,0.2027
model-1702930591,1702930743.946,0.6,0.2282,0.66,0.2013
model-1702930591,1702930744.315,0.75,0.1747,0.66,0.2102
model-1702930591,1702930744.697,0.66,0.2202,0.65,0.2176
model-1702930591,1702930745.153,0.66,0.2263,0.66,0.2125
model-1702930591,1702930745.521,0.69,0.1985,0.66,0.2143
model-1702930591,1702930745.896,0.6,0.2485,0.62,0.2176
model-1702930591,1702930746.258,0.66,0.2114,0.64,0.2249
model-1702930591,1702930746.653,0.65,0.2189,0.63,0.2262
model-1702930591,1702930747.023,0.73,0.1877,0.65,0.2251
model-1702930591,1702930747.43,0.64,0.2163,0.6,0.2223
model-1702930591,1702930747.792,0.71,0.2013,0.62,0.2228
model-1702930591,1702930748.223,0.6,0.2407,0.62,0.221
model-1702930591,1702930748.579,0.68,0.2253,0.62,0.2174
model-1702930591,1702930748.952,0.7,0.2075,0.66,0.2205
model-1702930591,1702930749.311,0.72,0.2131,0.7,0.2274
model-1702930591,1702930749.689,0.67,0.2214,0.7,0.2227
model-1702930591,1702930750.058,0.7,0.1998,0.66,0.213
model-1702930591,1702930750.432,0.7,0.2089,0.61,0.2108
model-1702930591,1702930750.792,0.72,0.1819,0.62,0.2109
model-1702930591,1702930751.167,0.69,0.2064,0.64,0.2122
model-1702930591,1702930751.536,0.76,0.1842,0.63,0.2154
model-1702930591,1702930751.909,0.72,0.1924,0.63,0.2153
model-1702930591,1702930752.271,0.71,0.208,0.64,0.2148
model-1702930591,1702930752.661,0.74,0.1883,0.62,0.216
model-1702930591,1702930753.053,0.67,0.2269,0.64,0.213
model-1702930591,1702930753.449,0.77,0.1846,0.65,0.2132
model-1702930591,1702930753.807,0.74,0.1749,0.64,0.2161
model-1702930591,1702930754.18,0.71,0.1962,0.63,0.219
model-1702930591,1702930754.539,0.72,0.1991,0.63,0.2177
model-1702930591,1702930754.914,0.68,0.1923,0.66,0.2126
model-1702930591,1702930755.277,0.61,0.2236,0.65,0.2199
model-1702930591,1702930755.649,0.68,0.2193,0.68,0.2284
model-1702930591,1702930756.015,0.66,0.223,0.68,0.2144
model-1702930591,1702930756.385,0.6,0.2448,0.63,0.2179
model-1702930591,1702930756.753,0.7,0.2024,0.63,0.2265
model-1702930591,1702930757.127,0.59,0.2386,0.63,0.2263
model-1702930591,1702930757.509,0.65,0.2153,0.64,0.2157
model-1702930591,1702930757.885,0.7,0.2031,0.66,0.2117
model-1702930591,1702930758.196,0.77,0.1767,0.68,0.2171
model-1702930591,1702930758.582,0.62,0.2361,0.68,0.2215
model-1702930591,1702930758.951,0.64,0.2129,0.69,0.2174
model-1702930591,1702930759.317,0.64,0.2111,0.7,0.2092
model-1702930591,1702930759.68,0.75,0.1722,0.71,0.2062
model-1702930591,1702930760.054,0.68,0.2039,0.69,0.2096
model-1702930591,1702930760.423,0.67,0.2097,0.68,0.2136
model-1702930591,1702930760.793,0.74,0.1949,0.7,0.2135
model-1702930591,1702930761.165,0.76,0.1927,0.69,0.2152
model-1702930591,1702930761.545,0.66,0.2002,0.66,0.2162
model-1702930591,1702930761.932,0.68,0.1976,0.67,0.217
model-1702930591,1702930762.422,0.74,0.1712,0.67,0.2193
model-1702930591,1702930762.79,0.67,0.2105,0.65,0.2217
model-1702930591,1702930763.164,0.71,0.2068,0.64,0.2235
model-1702930591,1702930763.536,0.64,0.2364,0.66,0.2223
model-1702930591,1702930763.902,0.69,0.1885,0.65,0.2219
model-1702930591,1702930764.273,0.67,0.2171,0.65,0.2192
model-1702930591,1702930764.785,0.66,0.2121,0.65,0.215
model-1702930591,1702930765.483,0.72,0.1978,0.64,0.2124
model-1702930591,1702930766.158,0.73,0.189,0.66,0.2115
model-1702930591,1702930766.834,0.68,0.2202,0.67,0.2095
model-1702930591,1702930767.491,0.74,0.1761,0.65,0.2097
model-1702930591,1702930767.979,0.72,0.1816,0.64,0.2108
model-1702930591,1702930768.517,0.66,0.1989,0.66,0.2102
model-1702930591,1702930769.116,0.68,0.2047,0.66,0.2076
model-1702930591,1702930769.686,0.78,0.1721,0.67,0.2052
model-1702930591,1702930770.072,0.8,0.1551,0.67,0.2044
model-1702930591,1702930770.449,0.73,0.1907,0.67,0.2036
model-1702930591,1702930770.844,0.77,0.1587,0.68,0.205
model-1702930591,1702930771.262,0.68,0.1952,0.69,0.2038
model-1702930591,1702930771.765,0.79,0.1641,0.68,0.2042
model-1702930591,1702930772.505,0.74,0.176,0.66,0.2046
model-1702930591,1702930772.909,0.65,0.202,0.64,0.2088
model-1702930591,1702930773.562,0.75,0.1822,0.65,0.2135
model-1702930591,1702930773.951,0.73,0.1864,0.65,0.2187
model-1702930591,1702930774.356,0.7,0.2012,0.64,0.2129
model-1702930591,1702930774.975,0.69,0.2182,0.67,0.2064
model-1702930591,1702930775.417,0.67,0.2087,0.65,0.208
model-1702930591,1702930775.786,0.7,0.2218,0.65,0.2085
model-1702930591,1702930776.378,0.64,0.2014,0.64,0.2032
model-1702930591,1702930776.826,0.69,0.2021,0.7,0.2043
model-1702930591,1702930777.425,0.63,0.2103,0.69,0.2001
model-1702930591,1702930777.795,0.76,0.1734,0.7,0.1939
model-1702930591,1702930778.172,0.72,0.1894,0.7,0.1941
model-1702930591,1702930778.888,0.73,0.1807,0.71,0.1956
model-1702930591,1702930779.511,0.71,0.1878,0.7,0.1936
model-1702930591,1702930779.994,0.74,0.1891,0.74,0.1927
model-1702930591,1702930780.652,0.67,0.2213,0.75,0.1934
model-1702930591,1702930781.071,0.73,0.1901,0.73,0.1942
model-1702930591,1702930781.449,0.65,0.2223,0.73,0.1943
model-1702930591,1702930781.821,0.76,0.1911,0.71,0.1934
model-1702930591,1702930782.423,0.69,0.1972,0.73,0.1934
model-1702930591,1702930782.808,0.78,0.1717,0.72,0.1931
model-1702930591,1702930783.192,0.65,0.1997,0.71,0.1966
model-1702930591,1702930783.559,0.76,0.1721,0.71,0.1946
model-1702930591,1702930783.931,0.65,0.208,0.7,0.1946
model-1702930591,1702930784.31,0.75,0.1679,0.69,0.1955
model-1702930591,1702930784.671,0.64,0.2166,0.68,0.198
model-1702930591,1702930785.022,0.76,0.1648,0.68,0.201
model-1702930591,1702930785.386,0.79,0.1539,0.64,0.2089
model-1702930591,1702930785.743,0.71,0.1828,0.66,0.2011
model-1702930591,1702930786.099,0.73,0.1938,0.68,0.1928
model-1702930591,1702930786.451,0.73,0.1806,0.69,0.1972
model-1702930591,1702930786.811,0.7,0.1955,0.67,0.199
model-1702930591,1702930787.279,0.7,0.208,0.68,0.1961
model-1702930591,1702930787.7,0.7,0.2018,0.67,0.2026
model-1702930591,1702930788.089,0.78,0.1783,0.68,0.2203
model-1702930591,1702930788.449,0.66,0.2266,0.7,0.223
model-1702930591,1702930788.87,0.71,0.195,0.67,0.2069
model-1702930591,1702930789.227,0.72,0.196,0.65,0.2042
model-1702930591,1702930789.579,0.68,0.1948,0.67,0.2129
model-1702930591,1702930789.925,0.7,0.2045,0.66,0.2118
model-1702930591,1702930790.28,0.71,0.1934,0.68,0.2039
model-1702930591,1702930790.643,0.66,0.182,0.69,0.2017
model-1702930591,1702930791.006,0.74,0.1772,0.67,0.2147
model-1702930591,1702930791.382,0.6,0.236,0.64,0.2152
model-1702930591,1702930791.743,0.7,0.1954,0.69,0.2036
model-1702930591,1702930792.116,0.77,0.1819,0.73,0.1982
model-1702930591,1702930792.495,0.7,0.1947,0.73,0.1962
model-1702930591,1702930792.847,0.68,0.1829,0.73,0.195
model-1702930591,1702930793.205,0.67,0.2078,0.75,0.193
model-1702930591,1702930793.556,0.78,0.1644,0.76,0.1919
model-1702930591,1702930793.909,0.78,0.1646,0.73,0.1925
model-1702930591,1702930794.264,0.73,0.1812,0.7,0.1968
model-1702930591,1702930794.62,0.69,0.1856,0.69,0.2014
model-1702930591,1702930794.965,0.71,0.1791,0.7,0.1989
model-1702930591,1702930795.318,0.69,0.206,0.7,0.1924
model-1702930591,1702930795.671,0.71,0.1784,0.74,0.1848
model-1702930591,1702930796.018,0.79,0.1756,0.74,0.184
model-1702930591,1702930796.37,0.66,0.2126,0.74,0.1861
model-1702930591,1702930796.858,0.77,0.1816,0.74,0.186
model-1702930591,1702930797.244,0.68,0.2103,0.76,0.1846
model-1702930591,1702930797.767,0.7,0.1967,0.71,0.1906
model-1702930591,1702930798.173,0.67,0.1853,0.68,0.2017
model-1702930591,1702930798.587,0.75,0.1767,0.68,0.2052
model-1702930591,1702930799.042,0.78,0.1703,0.68,0.1991
model-1702930591,1702930799.424,0.68,0.1826,0.72,0.1931
model-1702930591,1702930799.822,0.75,0.1741,0.69,0.1908
model-1702930591,1702930800.201,0.69,0.1911,0.7,0.1912
model-1702930591,1702930800.57,0.66,0.1937,0.7,0.1897
model-1702930591,1702930800.929,0.68,0.1877,0.71,0.1878
model-1702930591,1702930801.294,0.69,0.1868,0.71,0.1869
model-1702930591,1702930801.66,0.7,0.1729,0.72,0.1911
model-1702930591,1702930802.018,0.67,0.2028,0.68,0.1927
model-1702930591,1702930802.412,0.69,0.1973,0.72,0.189
model-1702930591,1702930802.771,0.7,0.1992,0.73,0.1855
model-1702930591,1702930803.134,0.8,0.157,0.73,0.1854
model-1702930591,1702930803.488,0.76,0.1728,0.72,0.1859
model-1702930591,1702930803.845,0.73,0.1849,0.72,0.1858
model-1702930591,1702930804.205,0.68,0.1848,0.74,0.1847
model-1702930591,1702930804.565,0.77,0.188,0.71,0.1897
model-1702930591,1702930804.914,0.78,0.1655,0.65,0.2048
model-1702930591,1702930805.27,0.76,0.1866,0.65,0.2054
model-1702930591,1702930805.63,0.65,0.2119,0.68,0.1964
model-1702930591,1702930805.982,0.81,0.1563,0.7,0.1875
model-1702930591,1702930806.339,0.68,0.1969,0.75,0.1859
model-1702930591,1702930806.699,0.64,0.1966,0.72,0.1874
model-1702930591,1702930807.051,0.82,0.1434,0.7,0.196
model-1702930591,1702930807.444,0.69,0.1911,0.68,0.206
model-1702930591,1702930807.805,0.68,0.1905,0.66,0.2077
model-1702930591,1702930808.163,0.76,0.1667,0.65,0.2062
model-1702930591,1702930808.52,0.71,0.1897,0.67,0.1996
model-1702930591,1702930808.88,0.79,0.154,0.74,0.1967
model-1702930591,1702930809.296,0.71,0.1851,0.73,0.198
model-1702930591,1702930809.652,0.68,0.2033,0.73,0.1978
model-1702930591,1702930810.004,0.74,0.1772,0.69,0.1979
model-1702930591,1702930810.361,0.75,0.1708,0.66,0.2049
model-1702930591,1702930810.714,0.73,0.1708,0.66,0.2142
model-1702930591,1702930811.069,0.74,0.1848,0.66,0.218
model-1702930591,1702930811.426,0.7,0.2057,0.71,0.1995
model-1702930591,1702930811.781,0.76,0.1872,0.69,0.1832
model-1702930591,1702930812.142,0.75,0.1666,0.73,0.1838
model-1702930591,1702930812.533,0.75,0.1854,0.71,0.1843
model-1702930591,1702930812.892,0.7,0.1825,0.71,0.1813
model-1702930591,1702930813.241,0.7,0.1875,0.72,0.1785
model-1702930591,1702930813.6,0.77,0.1672,0.69,0.2039
model-1702930591,1702930813.957,0.76,0.1572,0.66,0.2296
model-1702930591,1702930814.315,0.65,0.2212,0.68,0.2137
model-1702930591,1702930814.68,0.67,0.2182,0.76,0.1827
model-1702930591,1702930815.04,0.76,0.2016,0.68,0.1821
model-1702930591,1702930815.4,0.7,0.2054,0.72,0.2011
model-1702930591,1702930815.839,0.66,0.2237,0.7,0.2102
model-1702930591,1702930816.195,0.66,0.2302,0.69,0.2034
model-1702930591,1702930816.553,0.58,0.2529,0.73,0.1892
model-1702930591,1702930816.912,0.76,0.1751,0.73,0.1854
model-1702930591,1702930817.281,0.77,0.1721,0.69,0.1913
model-1702930591,1702930817.946,0.74,0.1797,0.69,0.2001
model-1702930591,1702930818.593,0.67,0.1971,0.69,0.2029
model-1702930591,1702930819.104,0.65,0.2084,0.68,0.2018
model-1702930591,1702930819.626,0.8,0.164,0.68,0.1977
model-1702930591,1702930820.069,0.65,0.2244,0.74,0.1932
model-1702930591,1702930820.442,0.68,0.2053,0.75,0.1918
model-1702930591,1702930820.811,0.72,0.1927,0.75,0.1926
model-1702930591,1702930821.189,0.7,0.1868,0.74,0.1936
model-1702930591,1702930821.572,0.7,0.2032,0.74,0.1933
model-1702930591,1702930821.952,0.7,0.186,0.73,0.1914
model-1702930591,1702930822.357,0.72,0.1894,0.72,0.1906
model-1702930591,1702930822.729,0.71,0.1813,0.72,0.1902
model-1702930591,1702930823.089,0.71,0.1826,0.71,0.1935
model-1702930591,1702930823.444,0.72,0.1879,0.7,0.1952
model-1702930591,1702930823.805,0.71,0.1778,0.71,0.1954
model-1702930591,1702930824.169,0.73,0.1841,0.69,0.1883
model-1702930591,1702930824.517,0.74,0.1826,0.73,0.1823
model-1702930591,1702930824.876,0.8,0.1563,0.73,0.1805
model-1702930591,1702930825.236,0.74,0.1912,0.72,0.1805
model-1702930591,1702930825.596,0.76,0.1833,0.72,0.1821
model-1702930591,1702930825.949,0.62,0.229,0.72,0.1832
model-1702930591,1702930826.322,0.75,0.1763,0.7,0.1834
model-1702930591,1702930826.684,0.73,0.1717,0.72,0.1818
model-1702930591,1702930827.034,0.72,0.1811,0.73,0.1796
model-1702930591,1702930827.432,0.76,0.1799,0.71,0.179
model-1702930591,1702930827.803,0.71,0.1809,0.73,0.1775
model-1702930591,1702930828.168,0.67,0.2023,0.71,0.1782
model-1702930591,1702930828.524,0.7,0.1895,0.71,0.1796
model-1702930591,1702930828.891,0.65,0.2026,0.71,0.182
model-1702930591,1702930829.251,0.79,0.1562,0.72,0.1835
model-1702930591,1702930829.666,0.7,0.1852,0.7,0.1872
model-1702930591,1702930830.029,0.7,0.1917,0.69,0.188
model-1702930591,1702930830.391,0.75,0.1638,0.69,0.1882
model-1702930591,1702930830.747,0.71,0.171,0.69,0.189
model-1702930591,1702930831.101,0.76,0.1575,0.7,0.1902
model-1702930591,1702930831.454,0.71,0.1827,0.68,0.1903
model-1702930591,1702930831.809,0.66,0.2086,0.68,0.1903
model-1702930591,1702930832.167,0.72,0.1792,0.69,0.1914
model-1702930591,1702930832.551,0.82,0.1453,0.7,0.1923
model-1702930591,1702930832.903,0.76,0.1631,0.7,0.1928
model-1702930591,1702930833.251,0.8,0.1524,0.71,0.194
model-1702930591,1702930833.603,0.74,0.1783,0.73,0.1914
model-1702930591,1702930833.948,0.76,0.155,0.68,0.1876
model-1702930591,1702930834.306,0.68,0.1912,0.69,0.1877
model-1702930591,1702930834.662,0.74,0.1767,0.7,0.1869
model-1702930591,1702930835.011,0.73,0.1704,0.72,0.1872
model-1702930591,1702930835.421,0.68,0.2296,0.75,0.1872
model-1702930591,1702930835.81,0.67,0.203,0.71,0.1914
model-1702930591,1702930836.166,0.75,0.1805,0.72,0.1941
model-1702930591,1702930836.517,0.82,0.1433,0.72,0.1952
model-1702930591,1702930836.905,0.67,0.2077,0.71,0.1933
model-1702930591,1702930837.305,0.75,0.1764,0.72,0.1908
model-1702930591,1702930837.697,0.66,0.197,0.7,0.191
model-1702930591,1702930838.061,0.7,0.195,0.68,0.1907
model-1702930591,1702930838.409,0.69,0.1951,0.72,0.1906
model-1702930591,1702930838.76,0.71,0.1889,0.71,0.1957
model-1702930591,1702930839.111,0.77,0.1646,0.71,0.2053
model-1702930591,1702930839.475,0.8,0.1578,0.7,0.2053
model-1702930591,1702930839.87,0.76,0.1715,0.71,0.2009
model-1702930591,1702930840.225,0.81,0.1481,0.7,0.1958
model-1702930591,1702930840.585,0.75,0.1763,0.68,0.1958
model-1702930591,1702930840.937,0.84,0.1501,0.65,0.2011
model-1702930591,1702930841.29,0.72,0.1799,0.61,0.2042
model-1702930591,1702930841.64,0.77,0.1779,0.63,0.2034
model-1702930591,1702930841.987,0.76,0.1518,0.67,0.1987
model-1702930591,1702930842.343,0.67,0.2005,0.68,0.1958
model-1702930591,1702930842.725,0.77,0.164,0.71,0.2003
model-1702930591,1702930843.08,0.74,0.1587,0.7,0.2079
model-1702930591,1702930843.43,0.76,0.1602,0.7,0.2099
model-1702930591,1702930843.789,0.74,0.1779,0.7,0.2071
model-1702930591,1702930844.148,0.76,0.1715,0.71,0.2003
model-1702930591,1702930844.5,0.72,0.1927,0.72,0.1924
model-1702930591,1702930844.855,0.73,0.1908,0.74,0.1913
model-1702930591,1702930845.208,0.81,0.1484,0.75,0.1897
model-1702930591,1702930845.56,0.63,0.2318,0.72,0.1876
model-1702930591,1702930845.906,0.73,0.1611,0.71,0.1889
model-1702930591,1702930846.261,0.63,0.21,0.7,0.1906
model-1702930591,1702930846.637,0.73,0.171,0.69,0.1891
model-1702930591,1702930846.99,0.72,0.1786,0.67,0.1879
model-1702930591,1702930847.242,0.75,0.1564,0.67,0.1921
